[2020-11-05 06:42:45,248] {logging_mixin.py:95} INFO - [2020-11-05 06:42:45,248] {settings.py:213} INFO - settings.configure_orm(): Using pool settings. pool_size=5, max_overflow=10, pool_recycle=1800, pid=181
[2020-11-05 06:42:45,254] {scheduler_job.py:146} INFO - Started process (PID=181) to work on /usr/local/airflow/dags/my_first_dag.py
[2020-11-05 06:42:45,266] {scheduler_job.py:1520} INFO - Processing file /usr/local/airflow/dags/my_first_dag.py for tasks to queue
[2020-11-05 06:42:45,267] {logging_mixin.py:95} INFO - [2020-11-05 06:42:45,267] {dagbag.py:90} INFO - Filling up the DagBag from /usr/local/airflow/dags/my_first_dag.py
[2020-11-05 06:42:45,281] {scheduler_job.py:1532} INFO - DAG(s) dict_keys(['my_first_dag']) retrieved from /usr/local/airflow/dags/my_first_dag.py
[2020-11-05 06:42:45,346] {scheduler_job.py:152} INFO - Processing /usr/local/airflow/dags/my_first_dag.py took 0.092 seconds
[2020-11-05 06:42:51,312] {logging_mixin.py:95} INFO - [2020-11-05 06:42:51,311] {settings.py:213} INFO - settings.configure_orm(): Using pool settings. pool_size=5, max_overflow=10, pool_recycle=1800, pid=291
[2020-11-05 06:42:51,319] {scheduler_job.py:146} INFO - Started process (PID=291) to work on /usr/local/airflow/dags/my_first_dag.py
[2020-11-05 06:42:51,325] {scheduler_job.py:1520} INFO - Processing file /usr/local/airflow/dags/my_first_dag.py for tasks to queue
[2020-11-05 06:42:51,327] {logging_mixin.py:95} INFO - [2020-11-05 06:42:51,327] {dagbag.py:90} INFO - Filling up the DagBag from /usr/local/airflow/dags/my_first_dag.py
[2020-11-05 06:42:51,340] {scheduler_job.py:1532} INFO - DAG(s) dict_keys(['my_first_dag']) retrieved from /usr/local/airflow/dags/my_first_dag.py
[2020-11-05 06:42:51,395] {scheduler_job.py:152} INFO - Processing /usr/local/airflow/dags/my_first_dag.py took 0.076 seconds
[2020-11-05 06:42:56,530] {logging_mixin.py:95} INFO - [2020-11-05 06:42:56,529] {settings.py:213} INFO - settings.configure_orm(): Using pool settings. pool_size=5, max_overflow=10, pool_recycle=1800, pid=401
[2020-11-05 06:42:56,541] {scheduler_job.py:146} INFO - Started process (PID=401) to work on /usr/local/airflow/dags/my_first_dag.py
[2020-11-05 06:42:56,545] {scheduler_job.py:1520} INFO - Processing file /usr/local/airflow/dags/my_first_dag.py for tasks to queue
[2020-11-05 06:42:56,546] {logging_mixin.py:95} INFO - [2020-11-05 06:42:56,546] {dagbag.py:90} INFO - Filling up the DagBag from /usr/local/airflow/dags/my_first_dag.py
[2020-11-05 06:42:56,560] {scheduler_job.py:1532} INFO - DAG(s) dict_keys(['my_first_dag']) retrieved from /usr/local/airflow/dags/my_first_dag.py
[2020-11-05 06:42:56,608] {scheduler_job.py:152} INFO - Processing /usr/local/airflow/dags/my_first_dag.py took 0.067 seconds
[2020-11-05 06:43:02,439] {logging_mixin.py:95} INFO - [2020-11-05 06:43:02,439] {settings.py:213} INFO - settings.configure_orm(): Using pool settings. pool_size=5, max_overflow=10, pool_recycle=1800, pid=511
[2020-11-05 06:43:02,450] {scheduler_job.py:146} INFO - Started process (PID=511) to work on /usr/local/airflow/dags/my_first_dag.py
[2020-11-05 06:43:02,455] {scheduler_job.py:1520} INFO - Processing file /usr/local/airflow/dags/my_first_dag.py for tasks to queue
[2020-11-05 06:43:02,456] {logging_mixin.py:95} INFO - [2020-11-05 06:43:02,456] {dagbag.py:90} INFO - Filling up the DagBag from /usr/local/airflow/dags/my_first_dag.py
[2020-11-05 06:43:02,474] {scheduler_job.py:1532} INFO - DAG(s) dict_keys(['my_first_dag']) retrieved from /usr/local/airflow/dags/my_first_dag.py
[2020-11-05 06:43:02,548] {scheduler_job.py:152} INFO - Processing /usr/local/airflow/dags/my_first_dag.py took 0.098 seconds
[2020-11-05 06:43:07,679] {logging_mixin.py:95} INFO - [2020-11-05 06:43:07,678] {settings.py:213} INFO - settings.configure_orm(): Using pool settings. pool_size=5, max_overflow=10, pool_recycle=1800, pid=621
[2020-11-05 06:43:07,698] {scheduler_job.py:146} INFO - Started process (PID=621) to work on /usr/local/airflow/dags/my_first_dag.py
[2020-11-05 06:43:07,703] {scheduler_job.py:1520} INFO - Processing file /usr/local/airflow/dags/my_first_dag.py for tasks to queue
[2020-11-05 06:43:07,707] {logging_mixin.py:95} INFO - [2020-11-05 06:43:07,707] {dagbag.py:90} INFO - Filling up the DagBag from /usr/local/airflow/dags/my_first_dag.py
[2020-11-05 06:43:07,730] {scheduler_job.py:1532} INFO - DAG(s) dict_keys(['my_first_dag']) retrieved from /usr/local/airflow/dags/my_first_dag.py
[2020-11-05 06:43:07,793] {scheduler_job.py:152} INFO - Processing /usr/local/airflow/dags/my_first_dag.py took 0.095 seconds
[2020-11-05 06:43:13,546] {logging_mixin.py:95} INFO - [2020-11-05 06:43:13,546] {settings.py:213} INFO - settings.configure_orm(): Using pool settings. pool_size=5, max_overflow=10, pool_recycle=1800, pid=731
[2020-11-05 06:43:13,556] {scheduler_job.py:146} INFO - Started process (PID=731) to work on /usr/local/airflow/dags/my_first_dag.py
[2020-11-05 06:43:13,561] {scheduler_job.py:1520} INFO - Processing file /usr/local/airflow/dags/my_first_dag.py for tasks to queue
[2020-11-05 06:43:13,564] {logging_mixin.py:95} INFO - [2020-11-05 06:43:13,564] {dagbag.py:90} INFO - Filling up the DagBag from /usr/local/airflow/dags/my_first_dag.py
[2020-11-05 06:43:13,579] {scheduler_job.py:1532} INFO - DAG(s) dict_keys(['my_first_dag']) retrieved from /usr/local/airflow/dags/my_first_dag.py
[2020-11-05 06:43:13,623] {scheduler_job.py:152} INFO - Processing /usr/local/airflow/dags/my_first_dag.py took 0.068 seconds
[2020-11-05 06:43:18,807] {logging_mixin.py:95} INFO - [2020-11-05 06:43:18,807] {settings.py:213} INFO - settings.configure_orm(): Using pool settings. pool_size=5, max_overflow=10, pool_recycle=1800, pid=841
[2020-11-05 06:43:18,815] {scheduler_job.py:146} INFO - Started process (PID=841) to work on /usr/local/airflow/dags/my_first_dag.py
[2020-11-05 06:43:18,819] {scheduler_job.py:1520} INFO - Processing file /usr/local/airflow/dags/my_first_dag.py for tasks to queue
[2020-11-05 06:43:18,821] {logging_mixin.py:95} INFO - [2020-11-05 06:43:18,821] {dagbag.py:90} INFO - Filling up the DagBag from /usr/local/airflow/dags/my_first_dag.py
[2020-11-05 06:43:18,833] {scheduler_job.py:1532} INFO - DAG(s) dict_keys(['my_first_dag']) retrieved from /usr/local/airflow/dags/my_first_dag.py
[2020-11-05 06:43:18,886] {scheduler_job.py:152} INFO - Processing /usr/local/airflow/dags/my_first_dag.py took 0.071 seconds
[2020-11-05 06:43:24,669] {logging_mixin.py:95} INFO - [2020-11-05 06:43:24,668] {settings.py:213} INFO - settings.configure_orm(): Using pool settings. pool_size=5, max_overflow=10, pool_recycle=1800, pid=951
[2020-11-05 06:43:24,679] {scheduler_job.py:146} INFO - Started process (PID=951) to work on /usr/local/airflow/dags/my_first_dag.py
[2020-11-05 06:43:24,683] {scheduler_job.py:1520} INFO - Processing file /usr/local/airflow/dags/my_first_dag.py for tasks to queue
[2020-11-05 06:43:24,684] {logging_mixin.py:95} INFO - [2020-11-05 06:43:24,684] {dagbag.py:90} INFO - Filling up the DagBag from /usr/local/airflow/dags/my_first_dag.py
[2020-11-05 06:43:24,697] {scheduler_job.py:1532} INFO - DAG(s) dict_keys(['my_first_dag']) retrieved from /usr/local/airflow/dags/my_first_dag.py
[2020-11-05 06:43:24,738] {scheduler_job.py:152} INFO - Processing /usr/local/airflow/dags/my_first_dag.py took 0.059 seconds
[2020-11-05 06:43:29,930] {logging_mixin.py:95} INFO - [2020-11-05 06:43:29,930] {settings.py:213} INFO - settings.configure_orm(): Using pool settings. pool_size=5, max_overflow=10, pool_recycle=1800, pid=1061
[2020-11-05 06:43:29,941] {scheduler_job.py:146} INFO - Started process (PID=1061) to work on /usr/local/airflow/dags/my_first_dag.py
[2020-11-05 06:43:29,945] {scheduler_job.py:1520} INFO - Processing file /usr/local/airflow/dags/my_first_dag.py for tasks to queue
[2020-11-05 06:43:29,946] {logging_mixin.py:95} INFO - [2020-11-05 06:43:29,946] {dagbag.py:90} INFO - Filling up the DagBag from /usr/local/airflow/dags/my_first_dag.py
[2020-11-05 06:43:29,958] {scheduler_job.py:1532} INFO - DAG(s) dict_keys(['my_first_dag']) retrieved from /usr/local/airflow/dags/my_first_dag.py
[2020-11-05 06:43:30,004] {scheduler_job.py:152} INFO - Processing /usr/local/airflow/dags/my_first_dag.py took 0.064 seconds
[2020-11-05 06:43:35,779] {logging_mixin.py:95} INFO - [2020-11-05 06:43:35,778] {settings.py:213} INFO - settings.configure_orm(): Using pool settings. pool_size=5, max_overflow=10, pool_recycle=1800, pid=1171
[2020-11-05 06:43:35,791] {scheduler_job.py:146} INFO - Started process (PID=1171) to work on /usr/local/airflow/dags/my_first_dag.py
[2020-11-05 06:43:35,795] {scheduler_job.py:1520} INFO - Processing file /usr/local/airflow/dags/my_first_dag.py for tasks to queue
[2020-11-05 06:43:35,797] {logging_mixin.py:95} INFO - [2020-11-05 06:43:35,797] {dagbag.py:90} INFO - Filling up the DagBag from /usr/local/airflow/dags/my_first_dag.py
[2020-11-05 06:43:35,809] {scheduler_job.py:1532} INFO - DAG(s) dict_keys(['my_first_dag']) retrieved from /usr/local/airflow/dags/my_first_dag.py
[2020-11-05 06:43:35,860] {scheduler_job.py:152} INFO - Processing /usr/local/airflow/dags/my_first_dag.py took 0.069 seconds
[2020-11-05 06:43:41,068] {logging_mixin.py:95} INFO - [2020-11-05 06:43:41,068] {settings.py:213} INFO - settings.configure_orm(): Using pool settings. pool_size=5, max_overflow=10, pool_recycle=1800, pid=1281
[2020-11-05 06:43:41,076] {scheduler_job.py:146} INFO - Started process (PID=1281) to work on /usr/local/airflow/dags/my_first_dag.py
[2020-11-05 06:43:41,080] {scheduler_job.py:1520} INFO - Processing file /usr/local/airflow/dags/my_first_dag.py for tasks to queue
[2020-11-05 06:43:41,082] {logging_mixin.py:95} INFO - [2020-11-05 06:43:41,081] {dagbag.py:90} INFO - Filling up the DagBag from /usr/local/airflow/dags/my_first_dag.py
[2020-11-05 06:43:41,094] {scheduler_job.py:1532} INFO - DAG(s) dict_keys(['my_first_dag']) retrieved from /usr/local/airflow/dags/my_first_dag.py
[2020-11-05 06:43:41,137] {scheduler_job.py:152} INFO - Processing /usr/local/airflow/dags/my_first_dag.py took 0.061 seconds
[2020-11-05 06:43:46,941] {logging_mixin.py:95} INFO - [2020-11-05 06:43:46,940] {settings.py:213} INFO - settings.configure_orm(): Using pool settings. pool_size=5, max_overflow=10, pool_recycle=1800, pid=1391
[2020-11-05 06:43:46,950] {scheduler_job.py:146} INFO - Started process (PID=1391) to work on /usr/local/airflow/dags/my_first_dag.py
[2020-11-05 06:43:46,954] {scheduler_job.py:1520} INFO - Processing file /usr/local/airflow/dags/my_first_dag.py for tasks to queue
[2020-11-05 06:43:46,955] {logging_mixin.py:95} INFO - [2020-11-05 06:43:46,955] {dagbag.py:90} INFO - Filling up the DagBag from /usr/local/airflow/dags/my_first_dag.py
[2020-11-05 06:43:46,967] {scheduler_job.py:1532} INFO - DAG(s) dict_keys(['my_first_dag']) retrieved from /usr/local/airflow/dags/my_first_dag.py
[2020-11-05 06:43:47,018] {scheduler_job.py:152} INFO - Processing /usr/local/airflow/dags/my_first_dag.py took 0.069 seconds
[2020-11-05 06:43:52,230] {logging_mixin.py:95} INFO - [2020-11-05 06:43:52,229] {settings.py:213} INFO - settings.configure_orm(): Using pool settings. pool_size=5, max_overflow=10, pool_recycle=1800, pid=1501
[2020-11-05 06:43:52,241] {scheduler_job.py:146} INFO - Started process (PID=1501) to work on /usr/local/airflow/dags/my_first_dag.py
[2020-11-05 06:43:52,246] {scheduler_job.py:1520} INFO - Processing file /usr/local/airflow/dags/my_first_dag.py for tasks to queue
[2020-11-05 06:43:52,247] {logging_mixin.py:95} INFO - [2020-11-05 06:43:52,247] {dagbag.py:90} INFO - Filling up the DagBag from /usr/local/airflow/dags/my_first_dag.py
[2020-11-05 06:43:52,261] {scheduler_job.py:1532} INFO - DAG(s) dict_keys(['my_first_dag']) retrieved from /usr/local/airflow/dags/my_first_dag.py
[2020-11-05 06:43:52,322] {scheduler_job.py:152} INFO - Processing /usr/local/airflow/dags/my_first_dag.py took 0.081 seconds
[2020-11-05 06:43:58,089] {logging_mixin.py:95} INFO - [2020-11-05 06:43:58,088] {settings.py:213} INFO - settings.configure_orm(): Using pool settings. pool_size=5, max_overflow=10, pool_recycle=1800, pid=1611
[2020-11-05 06:43:58,098] {scheduler_job.py:146} INFO - Started process (PID=1611) to work on /usr/local/airflow/dags/my_first_dag.py
[2020-11-05 06:43:58,102] {scheduler_job.py:1520} INFO - Processing file /usr/local/airflow/dags/my_first_dag.py for tasks to queue
[2020-11-05 06:43:58,103] {logging_mixin.py:95} INFO - [2020-11-05 06:43:58,103] {dagbag.py:90} INFO - Filling up the DagBag from /usr/local/airflow/dags/my_first_dag.py
[2020-11-05 06:43:58,117] {scheduler_job.py:1532} INFO - DAG(s) dict_keys(['my_first_dag']) retrieved from /usr/local/airflow/dags/my_first_dag.py
[2020-11-05 06:43:58,169] {scheduler_job.py:152} INFO - Processing /usr/local/airflow/dags/my_first_dag.py took 0.071 seconds
[2020-11-05 06:44:03,355] {logging_mixin.py:95} INFO - [2020-11-05 06:44:03,355] {settings.py:213} INFO - settings.configure_orm(): Using pool settings. pool_size=5, max_overflow=10, pool_recycle=1800, pid=1721
[2020-11-05 06:44:03,366] {scheduler_job.py:146} INFO - Started process (PID=1721) to work on /usr/local/airflow/dags/my_first_dag.py
[2020-11-05 06:44:03,369] {scheduler_job.py:1520} INFO - Processing file /usr/local/airflow/dags/my_first_dag.py for tasks to queue
[2020-11-05 06:44:03,371] {logging_mixin.py:95} INFO - [2020-11-05 06:44:03,371] {dagbag.py:90} INFO - Filling up the DagBag from /usr/local/airflow/dags/my_first_dag.py
[2020-11-05 06:44:03,384] {scheduler_job.py:1532} INFO - DAG(s) dict_keys(['my_first_dag']) retrieved from /usr/local/airflow/dags/my_first_dag.py
[2020-11-05 06:44:03,431] {scheduler_job.py:152} INFO - Processing /usr/local/airflow/dags/my_first_dag.py took 0.065 seconds
[2020-11-05 06:44:13,977] {logging_mixin.py:95} INFO - [2020-11-05 06:44:13,977] {settings.py:213} INFO - settings.configure_orm(): Using pool settings. pool_size=5, max_overflow=10, pool_recycle=1800, pid=1831
[2020-11-05 06:44:13,984] {scheduler_job.py:146} INFO - Started process (PID=1831) to work on /usr/local/airflow/dags/my_first_dag.py
[2020-11-05 06:44:14,461] {scheduler_job.py:1520} INFO - Processing file /usr/local/airflow/dags/my_first_dag.py for tasks to queue
[2020-11-05 06:44:14,463] {logging_mixin.py:95} INFO - [2020-11-05 06:44:14,462] {dagbag.py:90} INFO - Filling up the DagBag from /usr/local/airflow/dags/my_first_dag.py
[2020-11-05 06:44:14,479] {scheduler_job.py:1532} INFO - DAG(s) dict_keys(['my_first_dag']) retrieved from /usr/local/airflow/dags/my_first_dag.py
[2020-11-05 06:44:14,530] {scheduler_job.py:152} INFO - Processing /usr/local/airflow/dags/my_first_dag.py took 0.545 seconds
