[2020-10-27 23:35:19,226] {logging_mixin.py:95} INFO - [2020-10-27 23:35:19,225] {settings.py:213} INFO - settings.configure_orm(): Using pool settings. pool_size=5, max_overflow=10, pool_recycle=1800, pid=7785
[2020-10-27 23:35:19,231] {scheduler_job.py:146} INFO - Started process (PID=7785) to work on /Users/troy/Github/courses/mastering-apache-airflow/code/dags/branching.py
[2020-10-27 23:35:19,240] {scheduler_job.py:1520} INFO - Processing file /Users/troy/Github/courses/mastering-apache-airflow/code/dags/branching.py for tasks to queue
[2020-10-27 23:35:19,242] {logging_mixin.py:95} INFO - [2020-10-27 23:35:19,241] {dagbag.py:90} INFO - Filling up the DagBag from /Users/troy/Github/courses/mastering-apache-airflow/code/dags/branching.py
[2020-10-27 23:35:19,257] {scheduler_job.py:1532} INFO - DAG(s) dict_keys(['branching']) retrieved from /Users/troy/Github/courses/mastering-apache-airflow/code/dags/branching.py
[2020-10-27 23:35:19,310] {logging_mixin.py:95} INFO - [2020-10-27 23:35:19,309] {dag.py:1323} INFO - Creating ORM DAG for branching
[2020-10-27 23:35:19,351] {scheduler_job.py:152} INFO - Processing /Users/troy/Github/courses/mastering-apache-airflow/code/dags/branching.py took 0.120 seconds
[2020-10-27 23:35:30,214] {logging_mixin.py:95} INFO - [2020-10-27 23:35:30,213] {settings.py:213} INFO - settings.configure_orm(): Using pool settings. pool_size=5, max_overflow=10, pool_recycle=1800, pid=7823
[2020-10-27 23:35:30,219] {scheduler_job.py:146} INFO - Started process (PID=7823) to work on /Users/troy/Github/courses/mastering-apache-airflow/code/dags/branching.py
[2020-10-27 23:35:30,226] {scheduler_job.py:1520} INFO - Processing file /Users/troy/Github/courses/mastering-apache-airflow/code/dags/branching.py for tasks to queue
[2020-10-27 23:35:30,227] {logging_mixin.py:95} INFO - [2020-10-27 23:35:30,226] {dagbag.py:90} INFO - Filling up the DagBag from /Users/troy/Github/courses/mastering-apache-airflow/code/dags/branching.py
[2020-10-27 23:35:30,239] {scheduler_job.py:1532} INFO - DAG(s) dict_keys(['branching']) retrieved from /Users/troy/Github/courses/mastering-apache-airflow/code/dags/branching.py
[2020-10-27 23:35:30,350] {scheduler_job.py:152} INFO - Processing /Users/troy/Github/courses/mastering-apache-airflow/code/dags/branching.py took 0.130 seconds
[2020-10-27 23:35:40,238] {logging_mixin.py:95} INFO - [2020-10-27 23:35:40,237] {settings.py:213} INFO - settings.configure_orm(): Using pool settings. pool_size=5, max_overflow=10, pool_recycle=1800, pid=7859
[2020-10-27 23:35:40,241] {scheduler_job.py:146} INFO - Started process (PID=7859) to work on /Users/troy/Github/courses/mastering-apache-airflow/code/dags/branching.py
[2020-10-27 23:35:40,246] {scheduler_job.py:1520} INFO - Processing file /Users/troy/Github/courses/mastering-apache-airflow/code/dags/branching.py for tasks to queue
[2020-10-27 23:35:40,247] {logging_mixin.py:95} INFO - [2020-10-27 23:35:40,246] {dagbag.py:90} INFO - Filling up the DagBag from /Users/troy/Github/courses/mastering-apache-airflow/code/dags/branching.py
[2020-10-27 23:35:40,257] {scheduler_job.py:1532} INFO - DAG(s) dict_keys(['branching']) retrieved from /Users/troy/Github/courses/mastering-apache-airflow/code/dags/branching.py
[2020-10-27 23:35:40,337] {scheduler_job.py:152} INFO - Processing /Users/troy/Github/courses/mastering-apache-airflow/code/dags/branching.py took 0.096 seconds
[2020-10-27 23:35:50,264] {logging_mixin.py:95} INFO - [2020-10-27 23:35:50,264] {settings.py:213} INFO - settings.configure_orm(): Using pool settings. pool_size=5, max_overflow=10, pool_recycle=1800, pid=7880
[2020-10-27 23:35:50,267] {scheduler_job.py:146} INFO - Started process (PID=7880) to work on /Users/troy/Github/courses/mastering-apache-airflow/code/dags/branching.py
[2020-10-27 23:35:50,273] {scheduler_job.py:1520} INFO - Processing file /Users/troy/Github/courses/mastering-apache-airflow/code/dags/branching.py for tasks to queue
[2020-10-27 23:35:50,274] {logging_mixin.py:95} INFO - [2020-10-27 23:35:50,273] {dagbag.py:90} INFO - Filling up the DagBag from /Users/troy/Github/courses/mastering-apache-airflow/code/dags/branching.py
[2020-10-27 23:35:50,284] {scheduler_job.py:1532} INFO - DAG(s) dict_keys(['branching']) retrieved from /Users/troy/Github/courses/mastering-apache-airflow/code/dags/branching.py
[2020-10-27 23:35:50,364] {scheduler_job.py:152} INFO - Processing /Users/troy/Github/courses/mastering-apache-airflow/code/dags/branching.py took 0.097 seconds
[2020-10-27 23:36:00,294] {logging_mixin.py:95} INFO - [2020-10-27 23:36:00,293] {settings.py:213} INFO - settings.configure_orm(): Using pool settings. pool_size=5, max_overflow=10, pool_recycle=1800, pid=7911
[2020-10-27 23:36:00,297] {scheduler_job.py:146} INFO - Started process (PID=7911) to work on /Users/troy/Github/courses/mastering-apache-airflow/code/dags/branching.py
[2020-10-27 23:36:00,302] {scheduler_job.py:1520} INFO - Processing file /Users/troy/Github/courses/mastering-apache-airflow/code/dags/branching.py for tasks to queue
[2020-10-27 23:36:00,303] {logging_mixin.py:95} INFO - [2020-10-27 23:36:00,303] {dagbag.py:90} INFO - Filling up the DagBag from /Users/troy/Github/courses/mastering-apache-airflow/code/dags/branching.py
[2020-10-27 23:36:00,315] {scheduler_job.py:1532} INFO - DAG(s) dict_keys(['branching']) retrieved from /Users/troy/Github/courses/mastering-apache-airflow/code/dags/branching.py
[2020-10-27 23:36:00,402] {scheduler_job.py:152} INFO - Processing /Users/troy/Github/courses/mastering-apache-airflow/code/dags/branching.py took 0.105 seconds
[2020-10-27 23:36:10,314] {logging_mixin.py:95} INFO - [2020-10-27 23:36:10,314] {settings.py:213} INFO - settings.configure_orm(): Using pool settings. pool_size=5, max_overflow=10, pool_recycle=1800, pid=7942
[2020-10-27 23:36:10,318] {scheduler_job.py:146} INFO - Started process (PID=7942) to work on /Users/troy/Github/courses/mastering-apache-airflow/code/dags/branching.py
[2020-10-27 23:36:10,323] {scheduler_job.py:1520} INFO - Processing file /Users/troy/Github/courses/mastering-apache-airflow/code/dags/branching.py for tasks to queue
[2020-10-27 23:36:10,324] {logging_mixin.py:95} INFO - [2020-10-27 23:36:10,324] {dagbag.py:90} INFO - Filling up the DagBag from /Users/troy/Github/courses/mastering-apache-airflow/code/dags/branching.py
[2020-10-27 23:36:10,334] {scheduler_job.py:1532} INFO - DAG(s) dict_keys(['branching']) retrieved from /Users/troy/Github/courses/mastering-apache-airflow/code/dags/branching.py
[2020-10-27 23:36:10,412] {scheduler_job.py:152} INFO - Processing /Users/troy/Github/courses/mastering-apache-airflow/code/dags/branching.py took 0.094 seconds
[2020-10-27 23:36:20,341] {logging_mixin.py:95} INFO - [2020-10-27 23:36:20,340] {settings.py:213} INFO - settings.configure_orm(): Using pool settings. pool_size=5, max_overflow=10, pool_recycle=1800, pid=7983
[2020-10-27 23:36:20,344] {scheduler_job.py:146} INFO - Started process (PID=7983) to work on /Users/troy/Github/courses/mastering-apache-airflow/code/dags/branching.py
[2020-10-27 23:36:20,349] {scheduler_job.py:1520} INFO - Processing file /Users/troy/Github/courses/mastering-apache-airflow/code/dags/branching.py for tasks to queue
[2020-10-27 23:36:20,350] {logging_mixin.py:95} INFO - [2020-10-27 23:36:20,350] {dagbag.py:90} INFO - Filling up the DagBag from /Users/troy/Github/courses/mastering-apache-airflow/code/dags/branching.py
[2020-10-27 23:36:20,361] {scheduler_job.py:1532} INFO - DAG(s) dict_keys(['branching']) retrieved from /Users/troy/Github/courses/mastering-apache-airflow/code/dags/branching.py
[2020-10-27 23:36:20,442] {scheduler_job.py:152} INFO - Processing /Users/troy/Github/courses/mastering-apache-airflow/code/dags/branching.py took 0.098 seconds
[2020-10-27 23:36:30,353] {logging_mixin.py:95} INFO - [2020-10-27 23:36:30,353] {settings.py:213} INFO - settings.configure_orm(): Using pool settings. pool_size=5, max_overflow=10, pool_recycle=1800, pid=8028
[2020-10-27 23:36:30,357] {scheduler_job.py:146} INFO - Started process (PID=8028) to work on /Users/troy/Github/courses/mastering-apache-airflow/code/dags/branching.py
[2020-10-27 23:36:30,363] {scheduler_job.py:1520} INFO - Processing file /Users/troy/Github/courses/mastering-apache-airflow/code/dags/branching.py for tasks to queue
[2020-10-27 23:36:30,364] {logging_mixin.py:95} INFO - [2020-10-27 23:36:30,364] {dagbag.py:90} INFO - Filling up the DagBag from /Users/troy/Github/courses/mastering-apache-airflow/code/dags/branching.py
[2020-10-27 23:36:30,374] {scheduler_job.py:1532} INFO - DAG(s) dict_keys(['branching']) retrieved from /Users/troy/Github/courses/mastering-apache-airflow/code/dags/branching.py
[2020-10-27 23:36:30,474] {scheduler_job.py:152} INFO - Processing /Users/troy/Github/courses/mastering-apache-airflow/code/dags/branching.py took 0.118 seconds
[2020-10-27 23:36:40,369] {logging_mixin.py:95} INFO - [2020-10-27 23:36:40,368] {settings.py:213} INFO - settings.configure_orm(): Using pool settings. pool_size=5, max_overflow=10, pool_recycle=1800, pid=8073
[2020-10-27 23:36:40,373] {scheduler_job.py:146} INFO - Started process (PID=8073) to work on /Users/troy/Github/courses/mastering-apache-airflow/code/dags/branching.py
[2020-10-27 23:36:40,378] {scheduler_job.py:1520} INFO - Processing file /Users/troy/Github/courses/mastering-apache-airflow/code/dags/branching.py for tasks to queue
[2020-10-27 23:36:40,379] {logging_mixin.py:95} INFO - [2020-10-27 23:36:40,379] {dagbag.py:90} INFO - Filling up the DagBag from /Users/troy/Github/courses/mastering-apache-airflow/code/dags/branching.py
[2020-10-27 23:36:40,391] {scheduler_job.py:1532} INFO - DAG(s) dict_keys(['branching']) retrieved from /Users/troy/Github/courses/mastering-apache-airflow/code/dags/branching.py
[2020-10-27 23:36:40,480] {scheduler_job.py:152} INFO - Processing /Users/troy/Github/courses/mastering-apache-airflow/code/dags/branching.py took 0.107 seconds
[2020-10-27 23:36:50,397] {logging_mixin.py:95} INFO - [2020-10-27 23:36:50,396] {settings.py:213} INFO - settings.configure_orm(): Using pool settings. pool_size=5, max_overflow=10, pool_recycle=1800, pid=8095
[2020-10-27 23:36:50,400] {scheduler_job.py:146} INFO - Started process (PID=8095) to work on /Users/troy/Github/courses/mastering-apache-airflow/code/dags/branching.py
[2020-10-27 23:36:50,406] {scheduler_job.py:1520} INFO - Processing file /Users/troy/Github/courses/mastering-apache-airflow/code/dags/branching.py for tasks to queue
[2020-10-27 23:36:50,407] {logging_mixin.py:95} INFO - [2020-10-27 23:36:50,406] {dagbag.py:90} INFO - Filling up the DagBag from /Users/troy/Github/courses/mastering-apache-airflow/code/dags/branching.py
[2020-10-27 23:36:50,417] {scheduler_job.py:1532} INFO - DAG(s) dict_keys(['branching']) retrieved from /Users/troy/Github/courses/mastering-apache-airflow/code/dags/branching.py
[2020-10-27 23:36:50,506] {scheduler_job.py:152} INFO - Processing /Users/troy/Github/courses/mastering-apache-airflow/code/dags/branching.py took 0.105 seconds
[2020-10-27 23:37:00,417] {logging_mixin.py:95} INFO - [2020-10-27 23:37:00,416] {settings.py:213} INFO - settings.configure_orm(): Using pool settings. pool_size=5, max_overflow=10, pool_recycle=1800, pid=8125
[2020-10-27 23:37:00,420] {scheduler_job.py:146} INFO - Started process (PID=8125) to work on /Users/troy/Github/courses/mastering-apache-airflow/code/dags/branching.py
[2020-10-27 23:37:00,425] {scheduler_job.py:1520} INFO - Processing file /Users/troy/Github/courses/mastering-apache-airflow/code/dags/branching.py for tasks to queue
[2020-10-27 23:37:00,426] {logging_mixin.py:95} INFO - [2020-10-27 23:37:00,426] {dagbag.py:90} INFO - Filling up the DagBag from /Users/troy/Github/courses/mastering-apache-airflow/code/dags/branching.py
[2020-10-27 23:37:00,436] {scheduler_job.py:1532} INFO - DAG(s) dict_keys(['branching']) retrieved from /Users/troy/Github/courses/mastering-apache-airflow/code/dags/branching.py
[2020-10-27 23:37:00,526] {scheduler_job.py:1255} INFO - Processing branching
[2020-10-27 23:37:00,598] {scheduler_job.py:1265} INFO - Created <DagRun branching @ 2020-10-28T04:00:00+00:00: scheduled__2020-10-28T04:00:00+00:00, externally triggered: False>
[2020-10-27 23:37:00,606] {scheduler_job.py:729} INFO - Examining DAG run <DagRun branching @ 2020-10-28 04:00:00+00:00: scheduled__2020-10-28T04:00:00+00:00, externally triggered: False>
[2020-10-27 23:37:00,666] {scheduler_job.py:429} INFO - Skipping SLA check for <DAG: branching> because no tasks in DAG have SLAs
[2020-10-27 23:37:00,675] {scheduler_job.py:1596} INFO - Creating / updating <TaskInstance: branching.start_task 2020-10-28 04:00:00+00:00 [scheduled]> in ORM
[2020-10-27 23:37:00,701] {scheduler_job.py:152} INFO - Processing /Users/troy/Github/courses/mastering-apache-airflow/code/dags/branching.py took 0.281 seconds
[2020-10-27 23:37:10,434] {logging_mixin.py:95} INFO - [2020-10-27 23:37:10,433] {settings.py:213} INFO - settings.configure_orm(): Using pool settings. pool_size=5, max_overflow=10, pool_recycle=1800, pid=8160
[2020-10-27 23:37:10,437] {scheduler_job.py:146} INFO - Started process (PID=8160) to work on /Users/troy/Github/courses/mastering-apache-airflow/code/dags/branching.py
[2020-10-27 23:37:10,444] {scheduler_job.py:1520} INFO - Processing file /Users/troy/Github/courses/mastering-apache-airflow/code/dags/branching.py for tasks to queue
[2020-10-27 23:37:10,445] {logging_mixin.py:95} INFO - [2020-10-27 23:37:10,445] {dagbag.py:90} INFO - Filling up the DagBag from /Users/troy/Github/courses/mastering-apache-airflow/code/dags/branching.py
[2020-10-27 23:37:10,457] {scheduler_job.py:1532} INFO - DAG(s) dict_keys(['branching']) retrieved from /Users/troy/Github/courses/mastering-apache-airflow/code/dags/branching.py
[2020-10-27 23:37:10,567] {scheduler_job.py:1255} INFO - Processing branching
[2020-10-27 23:37:10,604] {scheduler_job.py:729} INFO - Examining DAG run <DagRun branching @ 2020-10-28 04:00:00+00:00: scheduled__2020-10-28T04:00:00+00:00, externally triggered: False>
[2020-10-27 23:37:10,672] {scheduler_job.py:429} INFO - Skipping SLA check for <DAG: branching> because no tasks in DAG have SLAs
[2020-10-27 23:37:10,679] {scheduler_job.py:1596} INFO - Creating / updating <TaskInstance: branching.validation 2020-10-28 04:00:00+00:00 [scheduled]> in ORM
[2020-10-27 23:37:10,708] {scheduler_job.py:152} INFO - Processing /Users/troy/Github/courses/mastering-apache-airflow/code/dags/branching.py took 0.271 seconds
[2020-10-27 23:37:20,450] {logging_mixin.py:95} INFO - [2020-10-27 23:37:20,449] {settings.py:213} INFO - settings.configure_orm(): Using pool settings. pool_size=5, max_overflow=10, pool_recycle=1800, pid=8183
[2020-10-27 23:37:20,453] {scheduler_job.py:146} INFO - Started process (PID=8183) to work on /Users/troy/Github/courses/mastering-apache-airflow/code/dags/branching.py
[2020-10-27 23:37:20,459] {scheduler_job.py:1520} INFO - Processing file /Users/troy/Github/courses/mastering-apache-airflow/code/dags/branching.py for tasks to queue
[2020-10-27 23:37:20,460] {logging_mixin.py:95} INFO - [2020-10-27 23:37:20,459] {dagbag.py:90} INFO - Filling up the DagBag from /Users/troy/Github/courses/mastering-apache-airflow/code/dags/branching.py
[2020-10-27 23:37:20,470] {scheduler_job.py:1532} INFO - DAG(s) dict_keys(['branching']) retrieved from /Users/troy/Github/courses/mastering-apache-airflow/code/dags/branching.py
[2020-10-27 23:37:20,564] {scheduler_job.py:1255} INFO - Processing branching
[2020-10-27 23:37:20,600] {scheduler_job.py:729} INFO - Examining DAG run <DagRun branching @ 2020-10-28 04:00:00+00:00: scheduled__2020-10-28T04:00:00+00:00, externally triggered: False>
[2020-10-27 23:37:20,670] {scheduler_job.py:429} INFO - Skipping SLA check for <DAG: branching> because no tasks in DAG have SLAs
[2020-10-27 23:37:20,679] {scheduler_job.py:1596} INFO - Creating / updating <TaskInstance: branching.first_pipeline 2020-10-28 04:00:00+00:00 [scheduled]> in ORM
[2020-10-27 23:37:20,706] {scheduler_job.py:152} INFO - Processing /Users/troy/Github/courses/mastering-apache-airflow/code/dags/branching.py took 0.253 seconds
[2020-10-27 23:37:30,476] {logging_mixin.py:95} INFO - [2020-10-27 23:37:30,476] {settings.py:213} INFO - settings.configure_orm(): Using pool settings. pool_size=5, max_overflow=10, pool_recycle=1800, pid=8223
[2020-10-27 23:37:30,480] {scheduler_job.py:146} INFO - Started process (PID=8223) to work on /Users/troy/Github/courses/mastering-apache-airflow/code/dags/branching.py
[2020-10-27 23:37:30,485] {scheduler_job.py:1520} INFO - Processing file /Users/troy/Github/courses/mastering-apache-airflow/code/dags/branching.py for tasks to queue
[2020-10-27 23:37:30,486] {logging_mixin.py:95} INFO - [2020-10-27 23:37:30,486] {dagbag.py:90} INFO - Filling up the DagBag from /Users/troy/Github/courses/mastering-apache-airflow/code/dags/branching.py
[2020-10-27 23:37:30,499] {scheduler_job.py:1532} INFO - DAG(s) dict_keys(['branching']) retrieved from /Users/troy/Github/courses/mastering-apache-airflow/code/dags/branching.py
[2020-10-27 23:37:30,596] {scheduler_job.py:1255} INFO - Processing branching
[2020-10-27 23:37:30,635] {scheduler_job.py:729} INFO - Examining DAG run <DagRun branching @ 2020-10-28 04:00:00+00:00: scheduled__2020-10-28T04:00:00+00:00, externally triggered: False>
[2020-10-27 23:37:30,681] {scheduler_job.py:429} INFO - Skipping SLA check for <DAG: branching> because no tasks in DAG have SLAs
[2020-10-27 23:37:30,689] {scheduler_job.py:1596} INFO - Creating / updating <TaskInstance: branching.first_pipeline_next_step 2020-10-28 04:00:00+00:00 [scheduled]> in ORM
[2020-10-27 23:37:30,718] {scheduler_job.py:152} INFO - Processing /Users/troy/Github/courses/mastering-apache-airflow/code/dags/branching.py took 0.238 seconds
[2020-10-27 23:37:40,498] {logging_mixin.py:95} INFO - [2020-10-27 23:37:40,497] {settings.py:213} INFO - settings.configure_orm(): Using pool settings. pool_size=5, max_overflow=10, pool_recycle=1800, pid=8269
[2020-10-27 23:37:40,501] {scheduler_job.py:146} INFO - Started process (PID=8269) to work on /Users/troy/Github/courses/mastering-apache-airflow/code/dags/branching.py
[2020-10-27 23:37:40,506] {scheduler_job.py:1520} INFO - Processing file /Users/troy/Github/courses/mastering-apache-airflow/code/dags/branching.py for tasks to queue
[2020-10-27 23:37:40,507] {logging_mixin.py:95} INFO - [2020-10-27 23:37:40,507] {dagbag.py:90} INFO - Filling up the DagBag from /Users/troy/Github/courses/mastering-apache-airflow/code/dags/branching.py
[2020-10-27 23:37:40,518] {scheduler_job.py:1532} INFO - DAG(s) dict_keys(['branching']) retrieved from /Users/troy/Github/courses/mastering-apache-airflow/code/dags/branching.py
[2020-10-27 23:37:40,624] {scheduler_job.py:1255} INFO - Processing branching
[2020-10-27 23:37:40,666] {scheduler_job.py:729} INFO - Examining DAG run <DagRun branching @ 2020-10-28 04:00:00+00:00: scheduled__2020-10-28T04:00:00+00:00, externally triggered: False>
[2020-10-27 23:37:40,687] {logging_mixin.py:95} INFO - [2020-10-27 23:37:40,687] {dagrun.py:316} INFO - Marking run <DagRun branching @ 2020-10-28 04:00:00+00:00: scheduled__2020-10-28T04:00:00+00:00, externally triggered: False> successful
[2020-10-27 23:37:40,693] {scheduler_job.py:429} INFO - Skipping SLA check for <DAG: branching> because no tasks in DAG have SLAs
[2020-10-27 23:37:40,714] {scheduler_job.py:152} INFO - Processing /Users/troy/Github/courses/mastering-apache-airflow/code/dags/branching.py took 0.213 seconds
[2020-10-27 23:37:50,521] {logging_mixin.py:95} INFO - [2020-10-27 23:37:50,520] {settings.py:213} INFO - settings.configure_orm(): Using pool settings. pool_size=5, max_overflow=10, pool_recycle=1800, pid=8293
[2020-10-27 23:37:50,524] {scheduler_job.py:146} INFO - Started process (PID=8293) to work on /Users/troy/Github/courses/mastering-apache-airflow/code/dags/branching.py
[2020-10-27 23:37:50,530] {scheduler_job.py:1520} INFO - Processing file /Users/troy/Github/courses/mastering-apache-airflow/code/dags/branching.py for tasks to queue
[2020-10-27 23:37:50,531] {logging_mixin.py:95} INFO - [2020-10-27 23:37:50,531] {dagbag.py:90} INFO - Filling up the DagBag from /Users/troy/Github/courses/mastering-apache-airflow/code/dags/branching.py
[2020-10-27 23:37:50,542] {scheduler_job.py:1532} INFO - DAG(s) dict_keys(['branching']) retrieved from /Users/troy/Github/courses/mastering-apache-airflow/code/dags/branching.py
[2020-10-27 23:37:50,649] {scheduler_job.py:1255} INFO - Processing branching
[2020-10-27 23:37:50,688] {scheduler_job.py:429} INFO - Skipping SLA check for <DAG: branching> because no tasks in DAG have SLAs
[2020-10-27 23:37:50,707] {scheduler_job.py:152} INFO - Processing /Users/troy/Github/courses/mastering-apache-airflow/code/dags/branching.py took 0.183 seconds
[2020-10-27 23:38:00,546] {logging_mixin.py:95} INFO - [2020-10-27 23:38:00,545] {settings.py:213} INFO - settings.configure_orm(): Using pool settings. pool_size=5, max_overflow=10, pool_recycle=1800, pid=8325
[2020-10-27 23:38:00,552] {scheduler_job.py:146} INFO - Started process (PID=8325) to work on /Users/troy/Github/courses/mastering-apache-airflow/code/dags/branching.py
[2020-10-27 23:38:00,559] {scheduler_job.py:1520} INFO - Processing file /Users/troy/Github/courses/mastering-apache-airflow/code/dags/branching.py for tasks to queue
[2020-10-27 23:38:00,560] {logging_mixin.py:95} INFO - [2020-10-27 23:38:00,560] {dagbag.py:90} INFO - Filling up the DagBag from /Users/troy/Github/courses/mastering-apache-airflow/code/dags/branching.py
[2020-10-27 23:38:00,574] {scheduler_job.py:1532} INFO - DAG(s) dict_keys(['branching']) retrieved from /Users/troy/Github/courses/mastering-apache-airflow/code/dags/branching.py
[2020-10-27 23:38:00,682] {scheduler_job.py:1255} INFO - Processing branching
[2020-10-27 23:38:00,724] {scheduler_job.py:429} INFO - Skipping SLA check for <DAG: branching> because no tasks in DAG have SLAs
[2020-10-27 23:38:00,747] {scheduler_job.py:152} INFO - Processing /Users/troy/Github/courses/mastering-apache-airflow/code/dags/branching.py took 0.196 seconds
[2020-10-27 23:38:10,565] {logging_mixin.py:95} INFO - [2020-10-27 23:38:10,565] {settings.py:213} INFO - settings.configure_orm(): Using pool settings. pool_size=5, max_overflow=10, pool_recycle=1800, pid=8356
[2020-10-27 23:38:10,568] {scheduler_job.py:146} INFO - Started process (PID=8356) to work on /Users/troy/Github/courses/mastering-apache-airflow/code/dags/branching.py
[2020-10-27 23:38:10,574] {scheduler_job.py:1520} INFO - Processing file /Users/troy/Github/courses/mastering-apache-airflow/code/dags/branching.py for tasks to queue
[2020-10-27 23:38:10,575] {logging_mixin.py:95} INFO - [2020-10-27 23:38:10,574] {dagbag.py:90} INFO - Filling up the DagBag from /Users/troy/Github/courses/mastering-apache-airflow/code/dags/branching.py
[2020-10-27 23:38:10,586] {scheduler_job.py:1532} INFO - DAG(s) dict_keys(['branching']) retrieved from /Users/troy/Github/courses/mastering-apache-airflow/code/dags/branching.py
[2020-10-27 23:38:10,682] {scheduler_job.py:1255} INFO - Processing branching
[2020-10-27 23:38:10,723] {scheduler_job.py:429} INFO - Skipping SLA check for <DAG: branching> because no tasks in DAG have SLAs
[2020-10-27 23:38:10,743] {scheduler_job.py:152} INFO - Processing /Users/troy/Github/courses/mastering-apache-airflow/code/dags/branching.py took 0.175 seconds
[2020-10-27 23:38:20,590] {logging_mixin.py:95} INFO - [2020-10-27 23:38:20,590] {settings.py:213} INFO - settings.configure_orm(): Using pool settings. pool_size=5, max_overflow=10, pool_recycle=1800, pid=8378
[2020-10-27 23:38:20,593] {scheduler_job.py:146} INFO - Started process (PID=8378) to work on /Users/troy/Github/courses/mastering-apache-airflow/code/dags/branching.py
[2020-10-27 23:38:20,599] {scheduler_job.py:1520} INFO - Processing file /Users/troy/Github/courses/mastering-apache-airflow/code/dags/branching.py for tasks to queue
[2020-10-27 23:38:20,600] {logging_mixin.py:95} INFO - [2020-10-27 23:38:20,599] {dagbag.py:90} INFO - Filling up the DagBag from /Users/troy/Github/courses/mastering-apache-airflow/code/dags/branching.py
[2020-10-27 23:38:20,610] {scheduler_job.py:1532} INFO - DAG(s) dict_keys(['branching']) retrieved from /Users/troy/Github/courses/mastering-apache-airflow/code/dags/branching.py
[2020-10-27 23:38:20,713] {scheduler_job.py:1255} INFO - Processing branching
[2020-10-27 23:38:20,753] {scheduler_job.py:429} INFO - Skipping SLA check for <DAG: branching> because no tasks in DAG have SLAs
[2020-10-27 23:38:20,776] {scheduler_job.py:152} INFO - Processing /Users/troy/Github/courses/mastering-apache-airflow/code/dags/branching.py took 0.182 seconds
[2020-10-27 23:38:30,617] {logging_mixin.py:95} INFO - [2020-10-27 23:38:30,616] {settings.py:213} INFO - settings.configure_orm(): Using pool settings. pool_size=5, max_overflow=10, pool_recycle=1800, pid=8407
[2020-10-27 23:38:30,621] {scheduler_job.py:146} INFO - Started process (PID=8407) to work on /Users/troy/Github/courses/mastering-apache-airflow/code/dags/branching.py
[2020-10-27 23:38:30,627] {scheduler_job.py:1520} INFO - Processing file /Users/troy/Github/courses/mastering-apache-airflow/code/dags/branching.py for tasks to queue
[2020-10-27 23:38:30,628] {logging_mixin.py:95} INFO - [2020-10-27 23:38:30,628] {dagbag.py:90} INFO - Filling up the DagBag from /Users/troy/Github/courses/mastering-apache-airflow/code/dags/branching.py
[2020-10-27 23:38:30,640] {scheduler_job.py:1532} INFO - DAG(s) dict_keys(['branching']) retrieved from /Users/troy/Github/courses/mastering-apache-airflow/code/dags/branching.py
[2020-10-27 23:38:30,746] {scheduler_job.py:1255} INFO - Processing branching
[2020-10-27 23:38:30,789] {scheduler_job.py:429} INFO - Skipping SLA check for <DAG: branching> because no tasks in DAG have SLAs
[2020-10-27 23:38:30,811] {scheduler_job.py:152} INFO - Processing /Users/troy/Github/courses/mastering-apache-airflow/code/dags/branching.py took 0.190 seconds
[2020-10-27 23:38:40,639] {logging_mixin.py:95} INFO - [2020-10-27 23:38:40,638] {settings.py:213} INFO - settings.configure_orm(): Using pool settings. pool_size=5, max_overflow=10, pool_recycle=1800, pid=8437
[2020-10-27 23:38:40,642] {scheduler_job.py:146} INFO - Started process (PID=8437) to work on /Users/troy/Github/courses/mastering-apache-airflow/code/dags/branching.py
[2020-10-27 23:38:40,648] {scheduler_job.py:1520} INFO - Processing file /Users/troy/Github/courses/mastering-apache-airflow/code/dags/branching.py for tasks to queue
[2020-10-27 23:38:40,649] {logging_mixin.py:95} INFO - [2020-10-27 23:38:40,649] {dagbag.py:90} INFO - Filling up the DagBag from /Users/troy/Github/courses/mastering-apache-airflow/code/dags/branching.py
[2020-10-27 23:38:40,661] {scheduler_job.py:1532} INFO - DAG(s) dict_keys(['branching']) retrieved from /Users/troy/Github/courses/mastering-apache-airflow/code/dags/branching.py
[2020-10-27 23:38:40,765] {scheduler_job.py:1255} INFO - Processing branching
[2020-10-27 23:38:40,810] {scheduler_job.py:429} INFO - Skipping SLA check for <DAG: branching> because no tasks in DAG have SLAs
[2020-10-27 23:38:40,840] {scheduler_job.py:152} INFO - Processing /Users/troy/Github/courses/mastering-apache-airflow/code/dags/branching.py took 0.197 seconds
[2020-10-27 23:38:50,662] {logging_mixin.py:95} INFO - [2020-10-27 23:38:50,661] {settings.py:213} INFO - settings.configure_orm(): Using pool settings. pool_size=5, max_overflow=10, pool_recycle=1800, pid=8466
[2020-10-27 23:38:50,665] {scheduler_job.py:146} INFO - Started process (PID=8466) to work on /Users/troy/Github/courses/mastering-apache-airflow/code/dags/branching.py
[2020-10-27 23:38:50,670] {scheduler_job.py:1520} INFO - Processing file /Users/troy/Github/courses/mastering-apache-airflow/code/dags/branching.py for tasks to queue
[2020-10-27 23:38:50,670] {logging_mixin.py:95} INFO - [2020-10-27 23:38:50,670] {dagbag.py:90} INFO - Filling up the DagBag from /Users/troy/Github/courses/mastering-apache-airflow/code/dags/branching.py
[2020-10-27 23:38:50,680] {scheduler_job.py:1532} INFO - DAG(s) dict_keys(['branching']) retrieved from /Users/troy/Github/courses/mastering-apache-airflow/code/dags/branching.py
[2020-10-27 23:38:50,776] {scheduler_job.py:1255} INFO - Processing branching
[2020-10-27 23:38:50,814] {scheduler_job.py:429} INFO - Skipping SLA check for <DAG: branching> because no tasks in DAG have SLAs
[2020-10-27 23:38:50,832] {scheduler_job.py:152} INFO - Processing /Users/troy/Github/courses/mastering-apache-airflow/code/dags/branching.py took 0.168 seconds
