[2020-10-27 23:35:27,216] {logging_mixin.py:95} INFO - [2020-10-27 23:35:27,215] {settings.py:213} INFO - settings.configure_orm(): Using pool settings. pool_size=5, max_overflow=10, pool_recycle=1800, pid=7814
[2020-10-27 23:35:27,219] {scheduler_job.py:146} INFO - Started process (PID=7814) to work on /Users/troy/Github/courses/mastering-apache-airflow/code/dags/my_first_dag.py
[2020-10-27 23:35:27,224] {scheduler_job.py:1520} INFO - Processing file /Users/troy/Github/courses/mastering-apache-airflow/code/dags/my_first_dag.py for tasks to queue
[2020-10-27 23:35:27,225] {logging_mixin.py:95} INFO - [2020-10-27 23:35:27,224] {dagbag.py:90} INFO - Filling up the DagBag from /Users/troy/Github/courses/mastering-apache-airflow/code/dags/my_first_dag.py
[2020-10-27 23:35:27,232] {scheduler_job.py:1532} INFO - DAG(s) dict_keys(['my_first_dag']) retrieved from /Users/troy/Github/courses/mastering-apache-airflow/code/dags/my_first_dag.py
[2020-10-27 23:35:27,330] {scheduler_job.py:1255} INFO - Processing my_first_dag
[2020-10-27 23:35:27,401] {scheduler_job.py:1265} INFO - Created <DagRun my_first_dag @ 2020-10-28T04:00:00+00:00: scheduled__2020-10-28T04:00:00+00:00, externally triggered: False>
[2020-10-27 23:35:27,408] {scheduler_job.py:729} INFO - Examining DAG run <DagRun my_first_dag @ 2020-10-28 04:00:00+00:00: scheduled__2020-10-28T04:00:00+00:00, externally triggered: False>
[2020-10-27 23:35:27,463] {scheduler_job.py:429} INFO - Skipping SLA check for <DAG: my_first_dag> because no tasks in DAG have SLAs
[2020-10-27 23:35:27,472] {scheduler_job.py:1596} INFO - Creating / updating <TaskInstance: my_first_dag.first_task 2020-10-28 04:00:00+00:00 [scheduled]> in ORM
[2020-10-27 23:35:27,480] {scheduler_job.py:1596} INFO - Creating / updating <TaskInstance: my_first_dag.second_task 2020-10-28 04:00:00+00:00 [scheduled]> in ORM
[2020-10-27 23:35:27,524] {scheduler_job.py:152} INFO - Processing /Users/troy/Github/courses/mastering-apache-airflow/code/dags/my_first_dag.py took 0.305 seconds
[2020-10-27 23:35:38,230] {logging_mixin.py:95} INFO - [2020-10-27 23:35:38,230] {settings.py:213} INFO - settings.configure_orm(): Using pool settings. pool_size=5, max_overflow=10, pool_recycle=1800, pid=7855
[2020-10-27 23:35:38,233] {scheduler_job.py:146} INFO - Started process (PID=7855) to work on /Users/troy/Github/courses/mastering-apache-airflow/code/dags/my_first_dag.py
[2020-10-27 23:35:38,238] {scheduler_job.py:1520} INFO - Processing file /Users/troy/Github/courses/mastering-apache-airflow/code/dags/my_first_dag.py for tasks to queue
[2020-10-27 23:35:38,239] {logging_mixin.py:95} INFO - [2020-10-27 23:35:38,239] {dagbag.py:90} INFO - Filling up the DagBag from /Users/troy/Github/courses/mastering-apache-airflow/code/dags/my_first_dag.py
[2020-10-27 23:35:38,246] {scheduler_job.py:1532} INFO - DAG(s) dict_keys(['my_first_dag']) retrieved from /Users/troy/Github/courses/mastering-apache-airflow/code/dags/my_first_dag.py
[2020-10-27 23:35:38,338] {scheduler_job.py:1255} INFO - Processing my_first_dag
[2020-10-27 23:35:38,379] {scheduler_job.py:729} INFO - Examining DAG run <DagRun my_first_dag @ 2020-10-28 04:00:00+00:00: scheduled__2020-10-28T04:00:00+00:00, externally triggered: False>
[2020-10-27 23:35:38,409] {scheduler_job.py:429} INFO - Skipping SLA check for <DAG: my_first_dag> because no tasks in DAG have SLAs
[2020-10-27 23:35:38,431] {scheduler_job.py:152} INFO - Processing /Users/troy/Github/courses/mastering-apache-airflow/code/dags/my_first_dag.py took 0.198 seconds
[2020-10-27 23:35:58,288] {logging_mixin.py:95} INFO - [2020-10-27 23:35:58,287] {settings.py:213} INFO - settings.configure_orm(): Using pool settings. pool_size=5, max_overflow=10, pool_recycle=1800, pid=7906
[2020-10-27 23:35:58,291] {scheduler_job.py:146} INFO - Started process (PID=7906) to work on /Users/troy/Github/courses/mastering-apache-airflow/code/dags/my_first_dag.py
[2020-10-27 23:35:58,298] {scheduler_job.py:1520} INFO - Processing file /Users/troy/Github/courses/mastering-apache-airflow/code/dags/my_first_dag.py for tasks to queue
[2020-10-27 23:35:58,299] {logging_mixin.py:95} INFO - [2020-10-27 23:35:58,298] {dagbag.py:90} INFO - Filling up the DagBag from /Users/troy/Github/courses/mastering-apache-airflow/code/dags/my_first_dag.py
[2020-10-27 23:35:58,306] {scheduler_job.py:1532} INFO - DAG(s) dict_keys(['my_first_dag']) retrieved from /Users/troy/Github/courses/mastering-apache-airflow/code/dags/my_first_dag.py
[2020-10-27 23:35:58,414] {scheduler_job.py:1255} INFO - Processing my_first_dag
[2020-10-27 23:35:58,455] {scheduler_job.py:729} INFO - Examining DAG run <DagRun my_first_dag @ 2020-10-28 04:00:00+00:00: scheduled__2020-10-28T04:00:00+00:00, externally triggered: False>
[2020-10-27 23:35:58,482] {scheduler_job.py:429} INFO - Skipping SLA check for <DAG: my_first_dag> because no tasks in DAG have SLAs
[2020-10-27 23:35:58,500] {scheduler_job.py:152} INFO - Processing /Users/troy/Github/courses/mastering-apache-airflow/code/dags/my_first_dag.py took 0.209 seconds
[2020-10-27 23:36:18,333] {logging_mixin.py:95} INFO - [2020-10-27 23:36:18,332] {settings.py:213} INFO - settings.configure_orm(): Using pool settings. pool_size=5, max_overflow=10, pool_recycle=1800, pid=7979
[2020-10-27 23:36:18,336] {scheduler_job.py:146} INFO - Started process (PID=7979) to work on /Users/troy/Github/courses/mastering-apache-airflow/code/dags/my_first_dag.py
[2020-10-27 23:36:18,341] {scheduler_job.py:1520} INFO - Processing file /Users/troy/Github/courses/mastering-apache-airflow/code/dags/my_first_dag.py for tasks to queue
[2020-10-27 23:36:18,342] {logging_mixin.py:95} INFO - [2020-10-27 23:36:18,342] {dagbag.py:90} INFO - Filling up the DagBag from /Users/troy/Github/courses/mastering-apache-airflow/code/dags/my_first_dag.py
[2020-10-27 23:36:18,350] {scheduler_job.py:1532} INFO - DAG(s) dict_keys(['my_first_dag']) retrieved from /Users/troy/Github/courses/mastering-apache-airflow/code/dags/my_first_dag.py
[2020-10-27 23:36:18,439] {scheduler_job.py:1255} INFO - Processing my_first_dag
[2020-10-27 23:36:18,477] {scheduler_job.py:729} INFO - Examining DAG run <DagRun my_first_dag @ 2020-10-28 04:00:00+00:00: scheduled__2020-10-28T04:00:00+00:00, externally triggered: False>
[2020-10-27 23:36:18,495] {logging_mixin.py:95} INFO - [2020-10-27 23:36:18,495] {dagrun.py:316} INFO - Marking run <DagRun my_first_dag @ 2020-10-28 04:00:00+00:00: scheduled__2020-10-28T04:00:00+00:00, externally triggered: False> successful
[2020-10-27 23:36:18,502] {scheduler_job.py:429} INFO - Skipping SLA check for <DAG: my_first_dag> because no tasks in DAG have SLAs
[2020-10-27 23:36:18,519] {scheduler_job.py:152} INFO - Processing /Users/troy/Github/courses/mastering-apache-airflow/code/dags/my_first_dag.py took 0.184 seconds
[2020-10-27 23:36:38,365] {logging_mixin.py:95} INFO - [2020-10-27 23:36:38,364] {settings.py:213} INFO - settings.configure_orm(): Using pool settings. pool_size=5, max_overflow=10, pool_recycle=1800, pid=8068
[2020-10-27 23:36:38,368] {scheduler_job.py:146} INFO - Started process (PID=8068) to work on /Users/troy/Github/courses/mastering-apache-airflow/code/dags/my_first_dag.py
[2020-10-27 23:36:38,374] {scheduler_job.py:1520} INFO - Processing file /Users/troy/Github/courses/mastering-apache-airflow/code/dags/my_first_dag.py for tasks to queue
[2020-10-27 23:36:38,375] {logging_mixin.py:95} INFO - [2020-10-27 23:36:38,374] {dagbag.py:90} INFO - Filling up the DagBag from /Users/troy/Github/courses/mastering-apache-airflow/code/dags/my_first_dag.py
[2020-10-27 23:36:38,381] {scheduler_job.py:1532} INFO - DAG(s) dict_keys(['my_first_dag']) retrieved from /Users/troy/Github/courses/mastering-apache-airflow/code/dags/my_first_dag.py
[2020-10-27 23:36:38,497] {scheduler_job.py:1255} INFO - Processing my_first_dag
[2020-10-27 23:36:38,547] {scheduler_job.py:429} INFO - Skipping SLA check for <DAG: my_first_dag> because no tasks in DAG have SLAs
[2020-10-27 23:36:38,574] {scheduler_job.py:152} INFO - Processing /Users/troy/Github/courses/mastering-apache-airflow/code/dags/my_first_dag.py took 0.206 seconds
[2020-10-27 23:36:58,413] {logging_mixin.py:95} INFO - [2020-10-27 23:36:58,412] {settings.py:213} INFO - settings.configure_orm(): Using pool settings. pool_size=5, max_overflow=10, pool_recycle=1800, pid=8121
[2020-10-27 23:36:58,416] {scheduler_job.py:146} INFO - Started process (PID=8121) to work on /Users/troy/Github/courses/mastering-apache-airflow/code/dags/my_first_dag.py
[2020-10-27 23:36:58,421] {scheduler_job.py:1520} INFO - Processing file /Users/troy/Github/courses/mastering-apache-airflow/code/dags/my_first_dag.py for tasks to queue
[2020-10-27 23:36:58,422] {logging_mixin.py:95} INFO - [2020-10-27 23:36:58,422] {dagbag.py:90} INFO - Filling up the DagBag from /Users/troy/Github/courses/mastering-apache-airflow/code/dags/my_first_dag.py
[2020-10-27 23:36:58,429] {scheduler_job.py:1532} INFO - DAG(s) dict_keys(['my_first_dag']) retrieved from /Users/troy/Github/courses/mastering-apache-airflow/code/dags/my_first_dag.py
[2020-10-27 23:36:58,519] {scheduler_job.py:1255} INFO - Processing my_first_dag
[2020-10-27 23:36:58,558] {scheduler_job.py:429} INFO - Skipping SLA check for <DAG: my_first_dag> because no tasks in DAG have SLAs
[2020-10-27 23:36:58,576] {scheduler_job.py:152} INFO - Processing /Users/troy/Github/courses/mastering-apache-airflow/code/dags/my_first_dag.py took 0.160 seconds
[2020-10-27 23:37:18,449] {logging_mixin.py:95} INFO - [2020-10-27 23:37:18,449] {settings.py:213} INFO - settings.configure_orm(): Using pool settings. pool_size=5, max_overflow=10, pool_recycle=1800, pid=8179
[2020-10-27 23:37:18,454] {scheduler_job.py:146} INFO - Started process (PID=8179) to work on /Users/troy/Github/courses/mastering-apache-airflow/code/dags/my_first_dag.py
[2020-10-27 23:37:18,461] {scheduler_job.py:1520} INFO - Processing file /Users/troy/Github/courses/mastering-apache-airflow/code/dags/my_first_dag.py for tasks to queue
[2020-10-27 23:37:18,462] {logging_mixin.py:95} INFO - [2020-10-27 23:37:18,462] {dagbag.py:90} INFO - Filling up the DagBag from /Users/troy/Github/courses/mastering-apache-airflow/code/dags/my_first_dag.py
[2020-10-27 23:37:18,469] {scheduler_job.py:1532} INFO - DAG(s) dict_keys(['my_first_dag']) retrieved from /Users/troy/Github/courses/mastering-apache-airflow/code/dags/my_first_dag.py
[2020-10-27 23:37:18,567] {scheduler_job.py:1255} INFO - Processing my_first_dag
[2020-10-27 23:37:18,612] {scheduler_job.py:429} INFO - Skipping SLA check for <DAG: my_first_dag> because no tasks in DAG have SLAs
[2020-10-27 23:37:18,633] {scheduler_job.py:152} INFO - Processing /Users/troy/Github/courses/mastering-apache-airflow/code/dags/my_first_dag.py took 0.179 seconds
[2020-10-27 23:37:38,494] {logging_mixin.py:95} INFO - [2020-10-27 23:37:38,494] {settings.py:213} INFO - settings.configure_orm(): Using pool settings. pool_size=5, max_overflow=10, pool_recycle=1800, pid=8265
[2020-10-27 23:37:38,497] {scheduler_job.py:146} INFO - Started process (PID=8265) to work on /Users/troy/Github/courses/mastering-apache-airflow/code/dags/my_first_dag.py
[2020-10-27 23:37:38,503] {scheduler_job.py:1520} INFO - Processing file /Users/troy/Github/courses/mastering-apache-airflow/code/dags/my_first_dag.py for tasks to queue
[2020-10-27 23:37:38,504] {logging_mixin.py:95} INFO - [2020-10-27 23:37:38,504] {dagbag.py:90} INFO - Filling up the DagBag from /Users/troy/Github/courses/mastering-apache-airflow/code/dags/my_first_dag.py
[2020-10-27 23:37:38,511] {scheduler_job.py:1532} INFO - DAG(s) dict_keys(['my_first_dag']) retrieved from /Users/troy/Github/courses/mastering-apache-airflow/code/dags/my_first_dag.py
[2020-10-27 23:37:38,609] {scheduler_job.py:1255} INFO - Processing my_first_dag
[2020-10-27 23:37:38,652] {scheduler_job.py:429} INFO - Skipping SLA check for <DAG: my_first_dag> because no tasks in DAG have SLAs
[2020-10-27 23:37:38,674] {scheduler_job.py:152} INFO - Processing /Users/troy/Github/courses/mastering-apache-airflow/code/dags/my_first_dag.py took 0.177 seconds
[2020-10-27 23:37:58,547] {logging_mixin.py:95} INFO - [2020-10-27 23:37:58,546] {settings.py:213} INFO - settings.configure_orm(): Using pool settings. pool_size=5, max_overflow=10, pool_recycle=1800, pid=8321
[2020-10-27 23:37:58,552] {scheduler_job.py:146} INFO - Started process (PID=8321) to work on /Users/troy/Github/courses/mastering-apache-airflow/code/dags/my_first_dag.py
[2020-10-27 23:37:58,558] {scheduler_job.py:1520} INFO - Processing file /Users/troy/Github/courses/mastering-apache-airflow/code/dags/my_first_dag.py for tasks to queue
[2020-10-27 23:37:58,558] {logging_mixin.py:95} INFO - [2020-10-27 23:37:58,558] {dagbag.py:90} INFO - Filling up the DagBag from /Users/troy/Github/courses/mastering-apache-airflow/code/dags/my_first_dag.py
[2020-10-27 23:37:58,566] {scheduler_job.py:1532} INFO - DAG(s) dict_keys(['my_first_dag']) retrieved from /Users/troy/Github/courses/mastering-apache-airflow/code/dags/my_first_dag.py
[2020-10-27 23:37:58,653] {scheduler_job.py:1255} INFO - Processing my_first_dag
[2020-10-27 23:37:58,696] {scheduler_job.py:429} INFO - Skipping SLA check for <DAG: my_first_dag> because no tasks in DAG have SLAs
[2020-10-27 23:37:58,718] {scheduler_job.py:152} INFO - Processing /Users/troy/Github/courses/mastering-apache-airflow/code/dags/my_first_dag.py took 0.166 seconds
[2020-10-27 23:38:18,590] {logging_mixin.py:95} INFO - [2020-10-27 23:38:18,589] {settings.py:213} INFO - settings.configure_orm(): Using pool settings. pool_size=5, max_overflow=10, pool_recycle=1800, pid=8374
[2020-10-27 23:38:18,593] {scheduler_job.py:146} INFO - Started process (PID=8374) to work on /Users/troy/Github/courses/mastering-apache-airflow/code/dags/my_first_dag.py
[2020-10-27 23:38:18,599] {scheduler_job.py:1520} INFO - Processing file /Users/troy/Github/courses/mastering-apache-airflow/code/dags/my_first_dag.py for tasks to queue
[2020-10-27 23:38:18,600] {logging_mixin.py:95} INFO - [2020-10-27 23:38:18,600] {dagbag.py:90} INFO - Filling up the DagBag from /Users/troy/Github/courses/mastering-apache-airflow/code/dags/my_first_dag.py
[2020-10-27 23:38:18,609] {scheduler_job.py:1532} INFO - DAG(s) dict_keys(['my_first_dag']) retrieved from /Users/troy/Github/courses/mastering-apache-airflow/code/dags/my_first_dag.py
[2020-10-27 23:38:18,709] {scheduler_job.py:1255} INFO - Processing my_first_dag
[2020-10-27 23:38:18,755] {scheduler_job.py:429} INFO - Skipping SLA check for <DAG: my_first_dag> because no tasks in DAG have SLAs
[2020-10-27 23:38:18,778] {scheduler_job.py:152} INFO - Processing /Users/troy/Github/courses/mastering-apache-airflow/code/dags/my_first_dag.py took 0.185 seconds
[2020-10-27 23:38:38,629] {logging_mixin.py:95} INFO - [2020-10-27 23:38:38,629] {settings.py:213} INFO - settings.configure_orm(): Using pool settings. pool_size=5, max_overflow=10, pool_recycle=1800, pid=8433
[2020-10-27 23:38:38,633] {scheduler_job.py:146} INFO - Started process (PID=8433) to work on /Users/troy/Github/courses/mastering-apache-airflow/code/dags/my_first_dag.py
[2020-10-27 23:38:38,638] {scheduler_job.py:1520} INFO - Processing file /Users/troy/Github/courses/mastering-apache-airflow/code/dags/my_first_dag.py for tasks to queue
[2020-10-27 23:38:38,640] {logging_mixin.py:95} INFO - [2020-10-27 23:38:38,639] {dagbag.py:90} INFO - Filling up the DagBag from /Users/troy/Github/courses/mastering-apache-airflow/code/dags/my_first_dag.py
[2020-10-27 23:38:38,647] {scheduler_job.py:1532} INFO - DAG(s) dict_keys(['my_first_dag']) retrieved from /Users/troy/Github/courses/mastering-apache-airflow/code/dags/my_first_dag.py
[2020-10-27 23:38:38,747] {scheduler_job.py:1255} INFO - Processing my_first_dag
[2020-10-27 23:38:38,797] {scheduler_job.py:429} INFO - Skipping SLA check for <DAG: my_first_dag> because no tasks in DAG have SLAs
[2020-10-27 23:38:38,819] {scheduler_job.py:152} INFO - Processing /Users/troy/Github/courses/mastering-apache-airflow/code/dags/my_first_dag.py took 0.186 seconds
