[2020-11-04 06:36:34,298] {logging_mixin.py:95} INFO - [2020-11-04 06:36:34,297] {settings.py:213} INFO - settings.configure_orm(): Using pool settings. pool_size=5, max_overflow=10, pool_recycle=1800, pid=173
[2020-11-04 06:36:34,310] {scheduler_job.py:146} INFO - Started process (PID=173) to work on /usr/local/airflow/dags/branching.py
[2020-11-04 06:36:34,317] {scheduler_job.py:1520} INFO - Processing file /usr/local/airflow/dags/branching.py for tasks to queue
[2020-11-04 06:36:34,319] {logging_mixin.py:95} INFO - [2020-11-04 06:36:34,319] {dagbag.py:90} INFO - Filling up the DagBag from /usr/local/airflow/dags/branching.py
[2020-11-04 06:36:34,346] {scheduler_job.py:1532} INFO - DAG(s) dict_keys(['branching']) retrieved from /usr/local/airflow/dags/branching.py
[2020-11-04 06:36:34,396] {scheduler_job.py:152} INFO - Processing /usr/local/airflow/dags/branching.py took 0.086 seconds
[2020-11-04 06:36:45,413] {logging_mixin.py:95} INFO - [2020-11-04 06:36:45,413] {settings.py:213} INFO - settings.configure_orm(): Using pool settings. pool_size=5, max_overflow=10, pool_recycle=1800, pid=283
[2020-11-04 06:36:45,419] {scheduler_job.py:146} INFO - Started process (PID=283) to work on /usr/local/airflow/dags/branching.py
[2020-11-04 06:36:45,428] {scheduler_job.py:1520} INFO - Processing file /usr/local/airflow/dags/branching.py for tasks to queue
[2020-11-04 06:36:45,429] {logging_mixin.py:95} INFO - [2020-11-04 06:36:45,429] {dagbag.py:90} INFO - Filling up the DagBag from /usr/local/airflow/dags/branching.py
[2020-11-04 06:36:45,452] {scheduler_job.py:1532} INFO - DAG(s) dict_keys(['branching']) retrieved from /usr/local/airflow/dags/branching.py
[2020-11-04 06:36:45,493] {scheduler_job.py:152} INFO - Processing /usr/local/airflow/dags/branching.py took 0.074 seconds
[2020-11-04 06:36:55,491] {logging_mixin.py:95} INFO - [2020-11-04 06:36:55,491] {settings.py:213} INFO - settings.configure_orm(): Using pool settings. pool_size=5, max_overflow=10, pool_recycle=1800, pid=383
[2020-11-04 06:36:55,499] {scheduler_job.py:146} INFO - Started process (PID=383) to work on /usr/local/airflow/dags/branching.py
[2020-11-04 06:36:55,503] {scheduler_job.py:1520} INFO - Processing file /usr/local/airflow/dags/branching.py for tasks to queue
[2020-11-04 06:36:55,504] {logging_mixin.py:95} INFO - [2020-11-04 06:36:55,504] {dagbag.py:90} INFO - Filling up the DagBag from /usr/local/airflow/dags/branching.py
[2020-11-04 06:36:55,522] {scheduler_job.py:1532} INFO - DAG(s) dict_keys(['branching']) retrieved from /usr/local/airflow/dags/branching.py
[2020-11-04 06:36:55,573] {scheduler_job.py:152} INFO - Processing /usr/local/airflow/dags/branching.py took 0.074 seconds
[2020-11-04 06:37:05,717] {logging_mixin.py:95} INFO - [2020-11-04 06:37:05,716] {settings.py:213} INFO - settings.configure_orm(): Using pool settings. pool_size=5, max_overflow=10, pool_recycle=1800, pid=483
[2020-11-04 06:37:05,734] {scheduler_job.py:146} INFO - Started process (PID=483) to work on /usr/local/airflow/dags/branching.py
[2020-11-04 06:37:05,738] {scheduler_job.py:1520} INFO - Processing file /usr/local/airflow/dags/branching.py for tasks to queue
[2020-11-04 06:37:05,739] {logging_mixin.py:95} INFO - [2020-11-04 06:37:05,739] {dagbag.py:90} INFO - Filling up the DagBag from /usr/local/airflow/dags/branching.py
[2020-11-04 06:37:05,759] {scheduler_job.py:1532} INFO - DAG(s) dict_keys(['branching']) retrieved from /usr/local/airflow/dags/branching.py
[2020-11-04 06:37:05,802] {scheduler_job.py:152} INFO - Processing /usr/local/airflow/dags/branching.py took 0.068 seconds
[2020-11-04 06:37:15,833] {logging_mixin.py:95} INFO - [2020-11-04 06:37:15,832] {settings.py:213} INFO - settings.configure_orm(): Using pool settings. pool_size=5, max_overflow=10, pool_recycle=1800, pid=583
[2020-11-04 06:37:15,841] {scheduler_job.py:146} INFO - Started process (PID=583) to work on /usr/local/airflow/dags/branching.py
[2020-11-04 06:37:15,845] {scheduler_job.py:1520} INFO - Processing file /usr/local/airflow/dags/branching.py for tasks to queue
[2020-11-04 06:37:15,846] {logging_mixin.py:95} INFO - [2020-11-04 06:37:15,846] {dagbag.py:90} INFO - Filling up the DagBag from /usr/local/airflow/dags/branching.py
[2020-11-04 06:37:15,863] {scheduler_job.py:1532} INFO - DAG(s) dict_keys(['branching']) retrieved from /usr/local/airflow/dags/branching.py
[2020-11-04 06:37:15,916] {scheduler_job.py:152} INFO - Processing /usr/local/airflow/dags/branching.py took 0.075 seconds
[2020-11-04 06:37:25,932] {logging_mixin.py:95} INFO - [2020-11-04 06:37:25,932] {settings.py:213} INFO - settings.configure_orm(): Using pool settings. pool_size=5, max_overflow=10, pool_recycle=1800, pid=683
[2020-11-04 06:37:25,944] {scheduler_job.py:146} INFO - Started process (PID=683) to work on /usr/local/airflow/dags/branching.py
[2020-11-04 06:37:25,958] {scheduler_job.py:1520} INFO - Processing file /usr/local/airflow/dags/branching.py for tasks to queue
[2020-11-04 06:37:25,961] {logging_mixin.py:95} INFO - [2020-11-04 06:37:25,960] {dagbag.py:90} INFO - Filling up the DagBag from /usr/local/airflow/dags/branching.py
[2020-11-04 06:37:25,988] {scheduler_job.py:1532} INFO - DAG(s) dict_keys(['branching']) retrieved from /usr/local/airflow/dags/branching.py
[2020-11-04 06:37:26,062] {scheduler_job.py:152} INFO - Processing /usr/local/airflow/dags/branching.py took 0.119 seconds
[2020-11-04 06:37:36,081] {logging_mixin.py:95} INFO - [2020-11-04 06:37:36,081] {settings.py:213} INFO - settings.configure_orm(): Using pool settings. pool_size=5, max_overflow=10, pool_recycle=1800, pid=783
[2020-11-04 06:37:36,089] {scheduler_job.py:146} INFO - Started process (PID=783) to work on /usr/local/airflow/dags/branching.py
[2020-11-04 06:37:36,093] {scheduler_job.py:1520} INFO - Processing file /usr/local/airflow/dags/branching.py for tasks to queue
[2020-11-04 06:37:36,094] {logging_mixin.py:95} INFO - [2020-11-04 06:37:36,094] {dagbag.py:90} INFO - Filling up the DagBag from /usr/local/airflow/dags/branching.py
[2020-11-04 06:37:36,108] {scheduler_job.py:1532} INFO - DAG(s) dict_keys(['branching']) retrieved from /usr/local/airflow/dags/branching.py
[2020-11-04 06:37:36,153] {scheduler_job.py:152} INFO - Processing /usr/local/airflow/dags/branching.py took 0.064 seconds
[2020-11-04 06:37:46,212] {logging_mixin.py:95} INFO - [2020-11-04 06:37:46,211] {settings.py:213} INFO - settings.configure_orm(): Using pool settings. pool_size=5, max_overflow=10, pool_recycle=1800, pid=883
[2020-11-04 06:37:46,220] {scheduler_job.py:146} INFO - Started process (PID=883) to work on /usr/local/airflow/dags/branching.py
[2020-11-04 06:37:46,224] {scheduler_job.py:1520} INFO - Processing file /usr/local/airflow/dags/branching.py for tasks to queue
[2020-11-04 06:37:46,225] {logging_mixin.py:95} INFO - [2020-11-04 06:37:46,225] {dagbag.py:90} INFO - Filling up the DagBag from /usr/local/airflow/dags/branching.py
[2020-11-04 06:37:46,246] {scheduler_job.py:1532} INFO - DAG(s) dict_keys(['branching']) retrieved from /usr/local/airflow/dags/branching.py
[2020-11-04 06:37:46,292] {scheduler_job.py:152} INFO - Processing /usr/local/airflow/dags/branching.py took 0.072 seconds
[2020-11-04 06:37:56,313] {logging_mixin.py:95} INFO - [2020-11-04 06:37:56,313] {settings.py:213} INFO - settings.configure_orm(): Using pool settings. pool_size=5, max_overflow=10, pool_recycle=1800, pid=983
[2020-11-04 06:37:56,321] {scheduler_job.py:146} INFO - Started process (PID=983) to work on /usr/local/airflow/dags/branching.py
[2020-11-04 06:37:56,326] {scheduler_job.py:1520} INFO - Processing file /usr/local/airflow/dags/branching.py for tasks to queue
[2020-11-04 06:37:56,328] {logging_mixin.py:95} INFO - [2020-11-04 06:37:56,328] {dagbag.py:90} INFO - Filling up the DagBag from /usr/local/airflow/dags/branching.py
[2020-11-04 06:37:56,344] {scheduler_job.py:1532} INFO - DAG(s) dict_keys(['branching']) retrieved from /usr/local/airflow/dags/branching.py
[2020-11-04 06:37:56,386] {scheduler_job.py:152} INFO - Processing /usr/local/airflow/dags/branching.py took 0.065 seconds
[2020-11-04 06:38:06,468] {logging_mixin.py:95} INFO - [2020-11-04 06:38:06,468] {settings.py:213} INFO - settings.configure_orm(): Using pool settings. pool_size=5, max_overflow=10, pool_recycle=1800, pid=1083
[2020-11-04 06:38:06,485] {scheduler_job.py:146} INFO - Started process (PID=1083) to work on /usr/local/airflow/dags/branching.py
[2020-11-04 06:38:06,489] {scheduler_job.py:1520} INFO - Processing file /usr/local/airflow/dags/branching.py for tasks to queue
[2020-11-04 06:38:06,491] {logging_mixin.py:95} INFO - [2020-11-04 06:38:06,491] {dagbag.py:90} INFO - Filling up the DagBag from /usr/local/airflow/dags/branching.py
[2020-11-04 06:38:06,511] {scheduler_job.py:1532} INFO - DAG(s) dict_keys(['branching']) retrieved from /usr/local/airflow/dags/branching.py
[2020-11-04 06:38:06,556] {scheduler_job.py:152} INFO - Processing /usr/local/airflow/dags/branching.py took 0.071 seconds
[2020-11-04 06:38:16,606] {logging_mixin.py:95} INFO - [2020-11-04 06:38:16,605] {settings.py:213} INFO - settings.configure_orm(): Using pool settings. pool_size=5, max_overflow=10, pool_recycle=1800, pid=1183
[2020-11-04 06:38:16,618] {scheduler_job.py:146} INFO - Started process (PID=1183) to work on /usr/local/airflow/dags/branching.py
[2020-11-04 06:38:16,623] {scheduler_job.py:1520} INFO - Processing file /usr/local/airflow/dags/branching.py for tasks to queue
[2020-11-04 06:38:16,625] {logging_mixin.py:95} INFO - [2020-11-04 06:38:16,625] {dagbag.py:90} INFO - Filling up the DagBag from /usr/local/airflow/dags/branching.py
[2020-11-04 06:38:16,648] {scheduler_job.py:1532} INFO - DAG(s) dict_keys(['branching']) retrieved from /usr/local/airflow/dags/branching.py
[2020-11-04 06:38:16,695] {scheduler_job.py:152} INFO - Processing /usr/local/airflow/dags/branching.py took 0.078 seconds
[2020-11-04 06:38:26,711] {logging_mixin.py:95} INFO - [2020-11-04 06:38:26,710] {settings.py:213} INFO - settings.configure_orm(): Using pool settings. pool_size=5, max_overflow=10, pool_recycle=1800, pid=1283
[2020-11-04 06:38:26,727] {scheduler_job.py:146} INFO - Started process (PID=1283) to work on /usr/local/airflow/dags/branching.py
[2020-11-04 06:38:26,733] {scheduler_job.py:1520} INFO - Processing file /usr/local/airflow/dags/branching.py for tasks to queue
[2020-11-04 06:38:26,735] {logging_mixin.py:95} INFO - [2020-11-04 06:38:26,735] {dagbag.py:90} INFO - Filling up the DagBag from /usr/local/airflow/dags/branching.py
[2020-11-04 06:38:26,762] {scheduler_job.py:1532} INFO - DAG(s) dict_keys(['branching']) retrieved from /usr/local/airflow/dags/branching.py
[2020-11-04 06:38:26,834] {scheduler_job.py:152} INFO - Processing /usr/local/airflow/dags/branching.py took 0.106 seconds
[2020-11-04 06:38:36,867] {logging_mixin.py:95} INFO - [2020-11-04 06:38:36,866] {settings.py:213} INFO - settings.configure_orm(): Using pool settings. pool_size=5, max_overflow=10, pool_recycle=1800, pid=1383
[2020-11-04 06:38:36,885] {scheduler_job.py:146} INFO - Started process (PID=1383) to work on /usr/local/airflow/dags/branching.py
[2020-11-04 06:38:36,893] {scheduler_job.py:1520} INFO - Processing file /usr/local/airflow/dags/branching.py for tasks to queue
[2020-11-04 06:38:36,895] {logging_mixin.py:95} INFO - [2020-11-04 06:38:36,895] {dagbag.py:90} INFO - Filling up the DagBag from /usr/local/airflow/dags/branching.py
[2020-11-04 06:38:36,912] {scheduler_job.py:1532} INFO - DAG(s) dict_keys(['branching']) retrieved from /usr/local/airflow/dags/branching.py
[2020-11-04 06:38:36,956] {scheduler_job.py:152} INFO - Processing /usr/local/airflow/dags/branching.py took 0.071 seconds
[2020-11-04 06:38:46,979] {logging_mixin.py:95} INFO - [2020-11-04 06:38:46,979] {settings.py:213} INFO - settings.configure_orm(): Using pool settings. pool_size=5, max_overflow=10, pool_recycle=1800, pid=1483
[2020-11-04 06:38:46,987] {scheduler_job.py:146} INFO - Started process (PID=1483) to work on /usr/local/airflow/dags/branching.py
[2020-11-04 06:38:46,992] {scheduler_job.py:1520} INFO - Processing file /usr/local/airflow/dags/branching.py for tasks to queue
[2020-11-04 06:38:46,993] {logging_mixin.py:95} INFO - [2020-11-04 06:38:46,993] {dagbag.py:90} INFO - Filling up the DagBag from /usr/local/airflow/dags/branching.py
[2020-11-04 06:38:47,009] {scheduler_job.py:1532} INFO - DAG(s) dict_keys(['branching']) retrieved from /usr/local/airflow/dags/branching.py
[2020-11-04 06:38:47,051] {scheduler_job.py:152} INFO - Processing /usr/local/airflow/dags/branching.py took 0.064 seconds
[2020-11-04 06:38:57,066] {logging_mixin.py:95} INFO - [2020-11-04 06:38:57,066] {settings.py:213} INFO - settings.configure_orm(): Using pool settings. pool_size=5, max_overflow=10, pool_recycle=1800, pid=1583
[2020-11-04 06:38:57,075] {scheduler_job.py:146} INFO - Started process (PID=1583) to work on /usr/local/airflow/dags/branching.py
[2020-11-04 06:38:57,079] {scheduler_job.py:1520} INFO - Processing file /usr/local/airflow/dags/branching.py for tasks to queue
[2020-11-04 06:38:57,080] {logging_mixin.py:95} INFO - [2020-11-04 06:38:57,080] {dagbag.py:90} INFO - Filling up the DagBag from /usr/local/airflow/dags/branching.py
[2020-11-04 06:38:57,097] {scheduler_job.py:1532} INFO - DAG(s) dict_keys(['branching']) retrieved from /usr/local/airflow/dags/branching.py
[2020-11-04 06:38:57,150] {scheduler_job.py:152} INFO - Processing /usr/local/airflow/dags/branching.py took 0.075 seconds
[2020-11-04 06:39:07,186] {logging_mixin.py:95} INFO - [2020-11-04 06:39:07,185] {settings.py:213} INFO - settings.configure_orm(): Using pool settings. pool_size=5, max_overflow=10, pool_recycle=1800, pid=1683
[2020-11-04 06:39:07,193] {scheduler_job.py:146} INFO - Started process (PID=1683) to work on /usr/local/airflow/dags/branching.py
[2020-11-04 06:39:07,198] {scheduler_job.py:1520} INFO - Processing file /usr/local/airflow/dags/branching.py for tasks to queue
[2020-11-04 06:39:07,199] {logging_mixin.py:95} INFO - [2020-11-04 06:39:07,199] {dagbag.py:90} INFO - Filling up the DagBag from /usr/local/airflow/dags/branching.py
[2020-11-04 06:39:07,215] {scheduler_job.py:1532} INFO - DAG(s) dict_keys(['branching']) retrieved from /usr/local/airflow/dags/branching.py
[2020-11-04 06:39:07,258] {scheduler_job.py:152} INFO - Processing /usr/local/airflow/dags/branching.py took 0.065 seconds
[2020-11-04 06:39:17,282] {logging_mixin.py:95} INFO - [2020-11-04 06:39:17,281] {settings.py:213} INFO - settings.configure_orm(): Using pool settings. pool_size=5, max_overflow=10, pool_recycle=1800, pid=1784
[2020-11-04 06:39:17,296] {scheduler_job.py:146} INFO - Started process (PID=1784) to work on /usr/local/airflow/dags/branching.py
[2020-11-04 06:39:17,301] {scheduler_job.py:1520} INFO - Processing file /usr/local/airflow/dags/branching.py for tasks to queue
[2020-11-04 06:39:17,302] {logging_mixin.py:95} INFO - [2020-11-04 06:39:17,302] {dagbag.py:90} INFO - Filling up the DagBag from /usr/local/airflow/dags/branching.py
[2020-11-04 06:39:17,320] {scheduler_job.py:1532} INFO - DAG(s) dict_keys(['branching']) retrieved from /usr/local/airflow/dags/branching.py
[2020-11-04 06:39:17,374] {scheduler_job.py:152} INFO - Processing /usr/local/airflow/dags/branching.py took 0.079 seconds
[2020-11-04 06:39:27,434] {logging_mixin.py:95} INFO - [2020-11-04 06:39:27,433] {settings.py:213} INFO - settings.configure_orm(): Using pool settings. pool_size=5, max_overflow=10, pool_recycle=1800, pid=1883
[2020-11-04 06:39:27,441] {scheduler_job.py:146} INFO - Started process (PID=1883) to work on /usr/local/airflow/dags/branching.py
[2020-11-04 06:39:27,446] {scheduler_job.py:1520} INFO - Processing file /usr/local/airflow/dags/branching.py for tasks to queue
[2020-11-04 06:39:27,447] {logging_mixin.py:95} INFO - [2020-11-04 06:39:27,447] {dagbag.py:90} INFO - Filling up the DagBag from /usr/local/airflow/dags/branching.py
[2020-11-04 06:39:27,463] {scheduler_job.py:1532} INFO - DAG(s) dict_keys(['branching']) retrieved from /usr/local/airflow/dags/branching.py
[2020-11-04 06:39:27,509] {scheduler_job.py:152} INFO - Processing /usr/local/airflow/dags/branching.py took 0.068 seconds
[2020-11-04 06:39:37,598] {logging_mixin.py:95} INFO - [2020-11-04 06:39:37,597] {settings.py:213} INFO - settings.configure_orm(): Using pool settings. pool_size=5, max_overflow=10, pool_recycle=1800, pid=1983
[2020-11-04 06:39:37,616] {scheduler_job.py:146} INFO - Started process (PID=1983) to work on /usr/local/airflow/dags/branching.py
[2020-11-04 06:39:37,620] {scheduler_job.py:1520} INFO - Processing file /usr/local/airflow/dags/branching.py for tasks to queue
[2020-11-04 06:39:37,621] {logging_mixin.py:95} INFO - [2020-11-04 06:39:37,621] {dagbag.py:90} INFO - Filling up the DagBag from /usr/local/airflow/dags/branching.py
[2020-11-04 06:39:37,639] {scheduler_job.py:1532} INFO - DAG(s) dict_keys(['branching']) retrieved from /usr/local/airflow/dags/branching.py
[2020-11-04 06:39:37,696] {scheduler_job.py:152} INFO - Processing /usr/local/airflow/dags/branching.py took 0.080 seconds
[2020-11-04 06:39:47,707] {logging_mixin.py:95} INFO - [2020-11-04 06:39:47,706] {settings.py:213} INFO - settings.configure_orm(): Using pool settings. pool_size=5, max_overflow=10, pool_recycle=1800, pid=2083
[2020-11-04 06:39:47,716] {scheduler_job.py:146} INFO - Started process (PID=2083) to work on /usr/local/airflow/dags/branching.py
[2020-11-04 06:39:47,720] {scheduler_job.py:1520} INFO - Processing file /usr/local/airflow/dags/branching.py for tasks to queue
[2020-11-04 06:39:47,721] {logging_mixin.py:95} INFO - [2020-11-04 06:39:47,721] {dagbag.py:90} INFO - Filling up the DagBag from /usr/local/airflow/dags/branching.py
[2020-11-04 06:39:47,738] {scheduler_job.py:1532} INFO - DAG(s) dict_keys(['branching']) retrieved from /usr/local/airflow/dags/branching.py
[2020-11-04 06:39:47,790] {scheduler_job.py:152} INFO - Processing /usr/local/airflow/dags/branching.py took 0.073 seconds
[2020-11-04 06:39:57,845] {logging_mixin.py:95} INFO - [2020-11-04 06:39:57,845] {settings.py:213} INFO - settings.configure_orm(): Using pool settings. pool_size=5, max_overflow=10, pool_recycle=1800, pid=2183
[2020-11-04 06:39:57,853] {scheduler_job.py:146} INFO - Started process (PID=2183) to work on /usr/local/airflow/dags/branching.py
[2020-11-04 06:39:57,858] {scheduler_job.py:1520} INFO - Processing file /usr/local/airflow/dags/branching.py for tasks to queue
[2020-11-04 06:39:57,859] {logging_mixin.py:95} INFO - [2020-11-04 06:39:57,859] {dagbag.py:90} INFO - Filling up the DagBag from /usr/local/airflow/dags/branching.py
[2020-11-04 06:39:57,876] {scheduler_job.py:1532} INFO - DAG(s) dict_keys(['branching']) retrieved from /usr/local/airflow/dags/branching.py
[2020-11-04 06:39:57,928] {scheduler_job.py:152} INFO - Processing /usr/local/airflow/dags/branching.py took 0.075 seconds
[2020-11-04 06:40:07,994] {logging_mixin.py:95} INFO - [2020-11-04 06:40:07,994] {settings.py:213} INFO - settings.configure_orm(): Using pool settings. pool_size=5, max_overflow=10, pool_recycle=1800, pid=2283
[2020-11-04 06:40:08,003] {scheduler_job.py:146} INFO - Started process (PID=2283) to work on /usr/local/airflow/dags/branching.py
[2020-11-04 06:40:08,008] {scheduler_job.py:1520} INFO - Processing file /usr/local/airflow/dags/branching.py for tasks to queue
[2020-11-04 06:40:08,009] {logging_mixin.py:95} INFO - [2020-11-04 06:40:08,009] {dagbag.py:90} INFO - Filling up the DagBag from /usr/local/airflow/dags/branching.py
[2020-11-04 06:40:08,025] {scheduler_job.py:1532} INFO - DAG(s) dict_keys(['branching']) retrieved from /usr/local/airflow/dags/branching.py
[2020-11-04 06:40:08,076] {scheduler_job.py:152} INFO - Processing /usr/local/airflow/dags/branching.py took 0.073 seconds
[2020-11-04 06:40:18,105] {logging_mixin.py:95} INFO - [2020-11-04 06:40:18,105] {settings.py:213} INFO - settings.configure_orm(): Using pool settings. pool_size=5, max_overflow=10, pool_recycle=1800, pid=2383
[2020-11-04 06:40:18,116] {scheduler_job.py:146} INFO - Started process (PID=2383) to work on /usr/local/airflow/dags/branching.py
[2020-11-04 06:40:18,120] {scheduler_job.py:1520} INFO - Processing file /usr/local/airflow/dags/branching.py for tasks to queue
[2020-11-04 06:40:18,122] {logging_mixin.py:95} INFO - [2020-11-04 06:40:18,122] {dagbag.py:90} INFO - Filling up the DagBag from /usr/local/airflow/dags/branching.py
[2020-11-04 06:40:18,143] {scheduler_job.py:1532} INFO - DAG(s) dict_keys(['branching']) retrieved from /usr/local/airflow/dags/branching.py
[2020-11-04 06:40:18,191] {scheduler_job.py:152} INFO - Processing /usr/local/airflow/dags/branching.py took 0.075 seconds
[2020-11-04 06:40:28,226] {logging_mixin.py:95} INFO - [2020-11-04 06:40:28,225] {settings.py:213} INFO - settings.configure_orm(): Using pool settings. pool_size=5, max_overflow=10, pool_recycle=1800, pid=2483
[2020-11-04 06:40:28,233] {scheduler_job.py:146} INFO - Started process (PID=2483) to work on /usr/local/airflow/dags/branching.py
[2020-11-04 06:40:28,237] {scheduler_job.py:1520} INFO - Processing file /usr/local/airflow/dags/branching.py for tasks to queue
[2020-11-04 06:40:28,238] {logging_mixin.py:95} INFO - [2020-11-04 06:40:28,238] {dagbag.py:90} INFO - Filling up the DagBag from /usr/local/airflow/dags/branching.py
[2020-11-04 06:40:28,252] {scheduler_job.py:1532} INFO - DAG(s) dict_keys(['branching']) retrieved from /usr/local/airflow/dags/branching.py
[2020-11-04 06:40:28,299] {scheduler_job.py:152} INFO - Processing /usr/local/airflow/dags/branching.py took 0.066 seconds
[2020-11-04 06:40:38,385] {logging_mixin.py:95} INFO - [2020-11-04 06:40:38,385] {settings.py:213} INFO - settings.configure_orm(): Using pool settings. pool_size=5, max_overflow=10, pool_recycle=1800, pid=2583
[2020-11-04 06:40:38,393] {scheduler_job.py:146} INFO - Started process (PID=2583) to work on /usr/local/airflow/dags/branching.py
[2020-11-04 06:40:38,398] {scheduler_job.py:1520} INFO - Processing file /usr/local/airflow/dags/branching.py for tasks to queue
[2020-11-04 06:40:38,399] {logging_mixin.py:95} INFO - [2020-11-04 06:40:38,399] {dagbag.py:90} INFO - Filling up the DagBag from /usr/local/airflow/dags/branching.py
[2020-11-04 06:40:38,414] {scheduler_job.py:1532} INFO - DAG(s) dict_keys(['branching']) retrieved from /usr/local/airflow/dags/branching.py
[2020-11-04 06:40:38,462] {scheduler_job.py:152} INFO - Processing /usr/local/airflow/dags/branching.py took 0.069 seconds
[2020-11-04 06:40:48,500] {logging_mixin.py:95} INFO - [2020-11-04 06:40:48,498] {settings.py:213} INFO - settings.configure_orm(): Using pool settings. pool_size=5, max_overflow=10, pool_recycle=1800, pid=2683
[2020-11-04 06:40:48,514] {scheduler_job.py:146} INFO - Started process (PID=2683) to work on /usr/local/airflow/dags/branching.py
[2020-11-04 06:40:48,518] {scheduler_job.py:1520} INFO - Processing file /usr/local/airflow/dags/branching.py for tasks to queue
[2020-11-04 06:40:48,520] {logging_mixin.py:95} INFO - [2020-11-04 06:40:48,520] {dagbag.py:90} INFO - Filling up the DagBag from /usr/local/airflow/dags/branching.py
[2020-11-04 06:40:48,536] {scheduler_job.py:1532} INFO - DAG(s) dict_keys(['branching']) retrieved from /usr/local/airflow/dags/branching.py
[2020-11-04 06:40:48,576] {scheduler_job.py:152} INFO - Processing /usr/local/airflow/dags/branching.py took 0.062 seconds
[2020-11-04 06:40:58,641] {logging_mixin.py:95} INFO - [2020-11-04 06:40:58,640] {settings.py:213} INFO - settings.configure_orm(): Using pool settings. pool_size=5, max_overflow=10, pool_recycle=1800, pid=2783
[2020-11-04 06:40:58,657] {scheduler_job.py:146} INFO - Started process (PID=2783) to work on /usr/local/airflow/dags/branching.py
[2020-11-04 06:40:58,666] {scheduler_job.py:1520} INFO - Processing file /usr/local/airflow/dags/branching.py for tasks to queue
[2020-11-04 06:40:58,668] {logging_mixin.py:95} INFO - [2020-11-04 06:40:58,668] {dagbag.py:90} INFO - Filling up the DagBag from /usr/local/airflow/dags/branching.py
[2020-11-04 06:40:58,691] {scheduler_job.py:1532} INFO - DAG(s) dict_keys(['branching']) retrieved from /usr/local/airflow/dags/branching.py
[2020-11-04 06:40:58,737] {scheduler_job.py:152} INFO - Processing /usr/local/airflow/dags/branching.py took 0.080 seconds
[2020-11-04 06:41:08,771] {logging_mixin.py:95} INFO - [2020-11-04 06:41:08,771] {settings.py:213} INFO - settings.configure_orm(): Using pool settings. pool_size=5, max_overflow=10, pool_recycle=1800, pid=2883
[2020-11-04 06:41:08,779] {scheduler_job.py:146} INFO - Started process (PID=2883) to work on /usr/local/airflow/dags/branching.py
[2020-11-04 06:41:08,782] {scheduler_job.py:1520} INFO - Processing file /usr/local/airflow/dags/branching.py for tasks to queue
[2020-11-04 06:41:08,784] {logging_mixin.py:95} INFO - [2020-11-04 06:41:08,784] {dagbag.py:90} INFO - Filling up the DagBag from /usr/local/airflow/dags/branching.py
[2020-11-04 06:41:08,800] {scheduler_job.py:1532} INFO - DAG(s) dict_keys(['branching']) retrieved from /usr/local/airflow/dags/branching.py
[2020-11-04 06:41:08,842] {scheduler_job.py:152} INFO - Processing /usr/local/airflow/dags/branching.py took 0.064 seconds
[2020-11-04 06:41:18,838] {logging_mixin.py:95} INFO - [2020-11-04 06:41:18,837] {settings.py:213} INFO - settings.configure_orm(): Using pool settings. pool_size=5, max_overflow=10, pool_recycle=1800, pid=2983
[2020-11-04 06:41:18,845] {scheduler_job.py:146} INFO - Started process (PID=2983) to work on /usr/local/airflow/dags/branching.py
[2020-11-04 06:41:18,849] {scheduler_job.py:1520} INFO - Processing file /usr/local/airflow/dags/branching.py for tasks to queue
[2020-11-04 06:41:18,851] {logging_mixin.py:95} INFO - [2020-11-04 06:41:18,851] {dagbag.py:90} INFO - Filling up the DagBag from /usr/local/airflow/dags/branching.py
[2020-11-04 06:41:18,866] {scheduler_job.py:1532} INFO - DAG(s) dict_keys(['branching']) retrieved from /usr/local/airflow/dags/branching.py
[2020-11-04 06:41:18,901] {scheduler_job.py:152} INFO - Processing /usr/local/airflow/dags/branching.py took 0.056 seconds
[2020-11-04 06:41:28,964] {logging_mixin.py:95} INFO - [2020-11-04 06:41:28,963] {settings.py:213} INFO - settings.configure_orm(): Using pool settings. pool_size=5, max_overflow=10, pool_recycle=1800, pid=3083
[2020-11-04 06:41:28,981] {scheduler_job.py:146} INFO - Started process (PID=3083) to work on /usr/local/airflow/dags/branching.py
[2020-11-04 06:41:28,986] {scheduler_job.py:1520} INFO - Processing file /usr/local/airflow/dags/branching.py for tasks to queue
[2020-11-04 06:41:28,987] {logging_mixin.py:95} INFO - [2020-11-04 06:41:28,987] {dagbag.py:90} INFO - Filling up the DagBag from /usr/local/airflow/dags/branching.py
[2020-11-04 06:41:29,003] {scheduler_job.py:1532} INFO - DAG(s) dict_keys(['branching']) retrieved from /usr/local/airflow/dags/branching.py
[2020-11-04 06:41:29,047] {scheduler_job.py:152} INFO - Processing /usr/local/airflow/dags/branching.py took 0.066 seconds
[2020-11-04 06:41:39,160] {logging_mixin.py:95} INFO - [2020-11-04 06:41:39,159] {settings.py:213} INFO - settings.configure_orm(): Using pool settings. pool_size=5, max_overflow=10, pool_recycle=1800, pid=3183
[2020-11-04 06:41:39,164] {scheduler_job.py:146} INFO - Started process (PID=3183) to work on /usr/local/airflow/dags/branching.py
[2020-11-04 06:41:39,170] {scheduler_job.py:1520} INFO - Processing file /usr/local/airflow/dags/branching.py for tasks to queue
[2020-11-04 06:41:39,171] {logging_mixin.py:95} INFO - [2020-11-04 06:41:39,171] {dagbag.py:90} INFO - Filling up the DagBag from /usr/local/airflow/dags/branching.py
[2020-11-04 06:41:39,185] {scheduler_job.py:1532} INFO - DAG(s) dict_keys(['branching']) retrieved from /usr/local/airflow/dags/branching.py
[2020-11-04 06:41:39,233] {scheduler_job.py:152} INFO - Processing /usr/local/airflow/dags/branching.py took 0.069 seconds
[2020-11-04 06:41:49,279] {logging_mixin.py:95} INFO - [2020-11-04 06:41:49,279] {settings.py:213} INFO - settings.configure_orm(): Using pool settings. pool_size=5, max_overflow=10, pool_recycle=1800, pid=3283
[2020-11-04 06:41:49,284] {scheduler_job.py:146} INFO - Started process (PID=3283) to work on /usr/local/airflow/dags/branching.py
[2020-11-04 06:41:49,288] {scheduler_job.py:1520} INFO - Processing file /usr/local/airflow/dags/branching.py for tasks to queue
[2020-11-04 06:41:49,290] {logging_mixin.py:95} INFO - [2020-11-04 06:41:49,290] {dagbag.py:90} INFO - Filling up the DagBag from /usr/local/airflow/dags/branching.py
[2020-11-04 06:41:49,307] {scheduler_job.py:1532} INFO - DAG(s) dict_keys(['branching']) retrieved from /usr/local/airflow/dags/branching.py
[2020-11-04 06:41:49,363] {scheduler_job.py:152} INFO - Processing /usr/local/airflow/dags/branching.py took 0.079 seconds
[2020-11-04 06:41:59,427] {logging_mixin.py:95} INFO - [2020-11-04 06:41:59,426] {settings.py:213} INFO - settings.configure_orm(): Using pool settings. pool_size=5, max_overflow=10, pool_recycle=1800, pid=3383
[2020-11-04 06:41:59,437] {scheduler_job.py:146} INFO - Started process (PID=3383) to work on /usr/local/airflow/dags/branching.py
[2020-11-04 06:41:59,442] {scheduler_job.py:1520} INFO - Processing file /usr/local/airflow/dags/branching.py for tasks to queue
[2020-11-04 06:41:59,443] {logging_mixin.py:95} INFO - [2020-11-04 06:41:59,443] {dagbag.py:90} INFO - Filling up the DagBag from /usr/local/airflow/dags/branching.py
[2020-11-04 06:41:59,464] {scheduler_job.py:1532} INFO - DAG(s) dict_keys(['branching']) retrieved from /usr/local/airflow/dags/branching.py
[2020-11-04 06:41:59,508] {scheduler_job.py:152} INFO - Processing /usr/local/airflow/dags/branching.py took 0.071 seconds
[2020-11-04 06:42:09,591] {logging_mixin.py:95} INFO - [2020-11-04 06:42:09,590] {settings.py:213} INFO - settings.configure_orm(): Using pool settings. pool_size=5, max_overflow=10, pool_recycle=1800, pid=3483
[2020-11-04 06:42:09,602] {scheduler_job.py:146} INFO - Started process (PID=3483) to work on /usr/local/airflow/dags/branching.py
[2020-11-04 06:42:09,611] {scheduler_job.py:1520} INFO - Processing file /usr/local/airflow/dags/branching.py for tasks to queue
[2020-11-04 06:42:09,613] {logging_mixin.py:95} INFO - [2020-11-04 06:42:09,613] {dagbag.py:90} INFO - Filling up the DagBag from /usr/local/airflow/dags/branching.py
[2020-11-04 06:42:09,635] {scheduler_job.py:1532} INFO - DAG(s) dict_keys(['branching']) retrieved from /usr/local/airflow/dags/branching.py
[2020-11-04 06:42:09,677] {scheduler_job.py:152} INFO - Processing /usr/local/airflow/dags/branching.py took 0.075 seconds
[2020-11-04 06:43:05,196] {logging_mixin.py:95} INFO - [2020-11-04 06:43:05,195] {settings.py:213} INFO - settings.configure_orm(): Using pool settings. pool_size=5, max_overflow=10, pool_recycle=1800, pid=252
[2020-11-04 06:43:05,209] {scheduler_job.py:146} INFO - Started process (PID=252) to work on /usr/local/airflow/dags/branching.py
[2020-11-04 06:43:05,222] {scheduler_job.py:1520} INFO - Processing file /usr/local/airflow/dags/branching.py for tasks to queue
[2020-11-04 06:43:05,225] {logging_mixin.py:95} INFO - [2020-11-04 06:43:05,224] {dagbag.py:90} INFO - Filling up the DagBag from /usr/local/airflow/dags/branching.py
[2020-11-04 06:43:05,250] {scheduler_job.py:1532} INFO - DAG(s) dict_keys(['branching']) retrieved from /usr/local/airflow/dags/branching.py
[2020-11-04 06:43:05,310] {scheduler_job.py:152} INFO - Processing /usr/local/airflow/dags/branching.py took 0.101 seconds
[2020-11-04 06:43:25,401] {logging_mixin.py:95} INFO - [2020-11-04 06:43:25,401] {settings.py:213} INFO - settings.configure_orm(): Using pool settings. pool_size=5, max_overflow=10, pool_recycle=1800, pid=454
[2020-11-04 06:43:25,415] {scheduler_job.py:146} INFO - Started process (PID=454) to work on /usr/local/airflow/dags/branching.py
[2020-11-04 06:43:25,424] {scheduler_job.py:1520} INFO - Processing file /usr/local/airflow/dags/branching.py for tasks to queue
[2020-11-04 06:43:25,426] {logging_mixin.py:95} INFO - [2020-11-04 06:43:25,426] {dagbag.py:90} INFO - Filling up the DagBag from /usr/local/airflow/dags/branching.py
[2020-11-04 06:43:25,448] {scheduler_job.py:1532} INFO - DAG(s) dict_keys(['branching']) retrieved from /usr/local/airflow/dags/branching.py
[2020-11-04 06:43:25,515] {scheduler_job.py:152} INFO - Processing /usr/local/airflow/dags/branching.py took 0.100 seconds
[2020-11-04 06:43:45,651] {logging_mixin.py:95} INFO - [2020-11-04 06:43:45,651] {settings.py:213} INFO - settings.configure_orm(): Using pool settings. pool_size=5, max_overflow=10, pool_recycle=1800, pid=654
[2020-11-04 06:43:45,659] {scheduler_job.py:146} INFO - Started process (PID=654) to work on /usr/local/airflow/dags/branching.py
[2020-11-04 06:43:45,663] {scheduler_job.py:1520} INFO - Processing file /usr/local/airflow/dags/branching.py for tasks to queue
[2020-11-04 06:43:45,665] {logging_mixin.py:95} INFO - [2020-11-04 06:43:45,664] {dagbag.py:90} INFO - Filling up the DagBag from /usr/local/airflow/dags/branching.py
[2020-11-04 06:43:45,686] {scheduler_job.py:1532} INFO - DAG(s) dict_keys(['branching']) retrieved from /usr/local/airflow/dags/branching.py
[2020-11-04 06:43:45,731] {scheduler_job.py:152} INFO - Processing /usr/local/airflow/dags/branching.py took 0.072 seconds
