[2021-02-05 03:10:31 +0000] [17] [INFO] Starting gunicorn 19.10.0
[2021-02-05 03:10:31 +0000] [17] [INFO] Listening at: http://0.0.0.0:8080 (17)
[2021-02-05 03:10:31 +0000] [17] [INFO] Using worker: sync
[2021-02-05 03:10:31 +0000] [20] [INFO] Booting worker with pid: 20
[2021-02-05 03:10:31 +0000] [21] [INFO] Booting worker with pid: 21
[2021-02-05 03:10:31 +0000] [25] [INFO] Booting worker with pid: 25
[2021-02-05 03:10:32 +0000] [29] [INFO] Booting worker with pid: 29
[2021-02-05 03:11:03 +0000] [17] [INFO] Handling signal: ttin
[2021-02-05 03:11:03 +0000] [36] [INFO] Booting worker with pid: 36
[2021-02-05 03:11:04 +0000] [17] [INFO] Handling signal: ttou
[2021-02-05 03:11:04 +0000] [20] [INFO] Worker exiting (pid: 20)
[2021-02-05 03:11:34 +0000] [17] [INFO] Handling signal: ttin
[2021-02-05 03:11:34 +0000] [40] [INFO] Booting worker with pid: 40
[2021-02-05 03:11:35 +0000] [17] [INFO] Handling signal: ttou
[2021-02-05 03:11:35 +0000] [21] [INFO] Worker exiting (pid: 21)
[2021-02-05 03:12:05 +0000] [17] [INFO] Handling signal: ttin
[2021-02-05 03:12:05 +0000] [44] [INFO] Booting worker with pid: 44
[2021-02-05 03:12:06 +0000] [17] [INFO] Handling signal: ttou
[2021-02-05 03:12:06 +0000] [25] [INFO] Worker exiting (pid: 25)
[2021-02-05 03:12:37 +0000] [17] [INFO] Handling signal: ttin
[2021-02-05 03:12:37 +0000] [48] [INFO] Booting worker with pid: 48
[2021-02-05 03:12:38 +0000] [17] [INFO] Handling signal: ttou
[2021-02-05 03:12:38 +0000] [29] [INFO] Worker exiting (pid: 29)
[2021-02-05 03:13:08 +0000] [17] [INFO] Handling signal: ttin
[2021-02-05 03:13:08 +0000] [52] [INFO] Booting worker with pid: 52
[2021-02-05 03:13:09 +0000] [17] [INFO] Handling signal: ttou
[2021-02-05 03:13:09 +0000] [36] [INFO] Worker exiting (pid: 36)
[2021-02-05 03:13:39 +0000] [17] [INFO] Handling signal: ttin
[2021-02-05 03:13:39 +0000] [56] [INFO] Booting worker with pid: 56
[2021-02-05 03:13:40 +0000] [17] [INFO] Handling signal: ttou
[2021-02-05 03:13:40 +0000] [40] [INFO] Worker exiting (pid: 40)
[2021-02-05 03:14:11 +0000] [17] [INFO] Handling signal: ttin
[2021-02-05 03:14:11 +0000] [60] [INFO] Booting worker with pid: 60
[2021-02-05 03:14:12 +0000] [17] [INFO] Handling signal: ttou
[2021-02-05 03:14:12 +0000] [44] [INFO] Worker exiting (pid: 44)
[2021-02-05 03:14:42 +0000] [17] [INFO] Handling signal: ttin
[2021-02-05 03:14:42 +0000] [64] [INFO] Booting worker with pid: 64
[2021-02-05 03:14:43 +0000] [17] [INFO] Handling signal: ttou
[2021-02-05 03:14:43 +0000] [48] [INFO] Worker exiting (pid: 48)
[2021-02-05 03:15:13 +0000] [17] [INFO] Handling signal: ttin
[2021-02-05 03:15:13 +0000] [68] [INFO] Booting worker with pid: 68
[2021-02-05 03:15:14 +0000] [17] [INFO] Handling signal: ttou
[2021-02-05 03:15:14 +0000] [52] [INFO] Worker exiting (pid: 52)
[2021-02-05 03:15:45 +0000] [17] [INFO] Handling signal: ttin
[2021-02-05 03:15:45 +0000] [72] [INFO] Booting worker with pid: 72
[2021-02-05 03:15:46 +0000] [17] [INFO] Handling signal: ttou
[2021-02-05 03:15:49 +0000] [56] [INFO] Worker exiting (pid: 56)
[2021-02-05 03:16:19 +0000] [17] [INFO] Handling signal: ttin
[2021-02-05 03:16:19 +0000] [76] [INFO] Booting worker with pid: 76
[2021-02-05 03:16:20 +0000] [17] [INFO] Handling signal: ttou
[2021-02-05 03:16:20 +0000] [60] [INFO] Worker exiting (pid: 60)
[2021-02-05 03:16:50 +0000] [17] [INFO] Handling signal: ttin
[2021-02-05 03:16:50 +0000] [80] [INFO] Booting worker with pid: 80
[2021-02-05 03:16:51 +0000] [17] [INFO] Handling signal: ttou
[2021-02-05 03:16:51 +0000] [64] [INFO] Worker exiting (pid: 64)
[2021-02-05 03:17:21 +0000] [17] [INFO] Handling signal: ttin
[2021-02-05 03:17:22 +0000] [84] [INFO] Booting worker with pid: 84
[2021-02-05 03:17:23 +0000] [17] [INFO] Handling signal: ttou
[2021-02-05 03:17:23 +0000] [68] [INFO] Worker exiting (pid: 68)
