[2020-11-09 04:00:21,743] {logging_mixin.py:95} INFO - [2020-11-09 04:00:21,743] {settings.py:213} INFO - settings.configure_orm(): Using pool settings. pool_size=5, max_overflow=10, pool_recycle=1800, pid=173
[2020-11-09 04:00:21,751] {scheduler_job.py:146} INFO - Started process (PID=173) to work on /usr/local/airflow/dags/my_first_dag.py
[2020-11-09 04:00:21,758] {scheduler_job.py:1520} INFO - Processing file /usr/local/airflow/dags/my_first_dag.py for tasks to queue
[2020-11-09 04:00:21,760] {logging_mixin.py:95} INFO - [2020-11-09 04:00:21,759] {dagbag.py:90} INFO - Filling up the DagBag from /usr/local/airflow/dags/my_first_dag.py
[2020-11-09 04:00:21,775] {scheduler_job.py:1532} INFO - DAG(s) dict_keys(['my_first_dag']) retrieved from /usr/local/airflow/dags/my_first_dag.py
[2020-11-09 04:00:21,827] {scheduler_job.py:152} INFO - Processing /usr/local/airflow/dags/my_first_dag.py took 0.076 seconds
[2020-11-09 04:00:32,865] {logging_mixin.py:95} INFO - [2020-11-09 04:00:32,864] {settings.py:213} INFO - settings.configure_orm(): Using pool settings. pool_size=5, max_overflow=10, pool_recycle=1800, pid=283
[2020-11-09 04:00:32,878] {scheduler_job.py:146} INFO - Started process (PID=283) to work on /usr/local/airflow/dags/my_first_dag.py
[2020-11-09 04:00:32,889] {scheduler_job.py:1520} INFO - Processing file /usr/local/airflow/dags/my_first_dag.py for tasks to queue
[2020-11-09 04:00:32,890] {logging_mixin.py:95} INFO - [2020-11-09 04:00:32,890] {dagbag.py:90} INFO - Filling up the DagBag from /usr/local/airflow/dags/my_first_dag.py
[2020-11-09 04:00:32,907] {scheduler_job.py:1532} INFO - DAG(s) dict_keys(['my_first_dag']) retrieved from /usr/local/airflow/dags/my_first_dag.py
[2020-11-09 04:00:32,954] {scheduler_job.py:152} INFO - Processing /usr/local/airflow/dags/my_first_dag.py took 0.076 seconds
[2020-11-09 04:00:42,944] {logging_mixin.py:95} INFO - [2020-11-09 04:00:42,944] {settings.py:213} INFO - settings.configure_orm(): Using pool settings. pool_size=5, max_overflow=10, pool_recycle=1800, pid=383
[2020-11-09 04:00:42,953] {scheduler_job.py:146} INFO - Started process (PID=383) to work on /usr/local/airflow/dags/my_first_dag.py
[2020-11-09 04:00:42,957] {scheduler_job.py:1520} INFO - Processing file /usr/local/airflow/dags/my_first_dag.py for tasks to queue
[2020-11-09 04:00:42,958] {logging_mixin.py:95} INFO - [2020-11-09 04:00:42,958] {dagbag.py:90} INFO - Filling up the DagBag from /usr/local/airflow/dags/my_first_dag.py
[2020-11-09 04:00:42,973] {scheduler_job.py:1532} INFO - DAG(s) dict_keys(['my_first_dag']) retrieved from /usr/local/airflow/dags/my_first_dag.py
[2020-11-09 04:00:43,013] {scheduler_job.py:152} INFO - Processing /usr/local/airflow/dags/my_first_dag.py took 0.061 seconds
[2020-11-09 04:00:53,082] {logging_mixin.py:95} INFO - [2020-11-09 04:00:53,081] {settings.py:213} INFO - settings.configure_orm(): Using pool settings. pool_size=5, max_overflow=10, pool_recycle=1800, pid=483
[2020-11-09 04:00:53,090] {scheduler_job.py:146} INFO - Started process (PID=483) to work on /usr/local/airflow/dags/my_first_dag.py
[2020-11-09 04:00:53,093] {scheduler_job.py:1520} INFO - Processing file /usr/local/airflow/dags/my_first_dag.py for tasks to queue
[2020-11-09 04:00:53,095] {logging_mixin.py:95} INFO - [2020-11-09 04:00:53,095] {dagbag.py:90} INFO - Filling up the DagBag from /usr/local/airflow/dags/my_first_dag.py
[2020-11-09 04:00:53,113] {scheduler_job.py:1532} INFO - DAG(s) dict_keys(['my_first_dag']) retrieved from /usr/local/airflow/dags/my_first_dag.py
[2020-11-09 04:00:53,160] {scheduler_job.py:152} INFO - Processing /usr/local/airflow/dags/my_first_dag.py took 0.070 seconds
[2020-11-09 04:01:03,211] {logging_mixin.py:95} INFO - [2020-11-09 04:01:03,210] {settings.py:213} INFO - settings.configure_orm(): Using pool settings. pool_size=5, max_overflow=10, pool_recycle=1800, pid=583
[2020-11-09 04:01:03,222] {scheduler_job.py:146} INFO - Started process (PID=583) to work on /usr/local/airflow/dags/my_first_dag.py
[2020-11-09 04:01:03,226] {scheduler_job.py:1520} INFO - Processing file /usr/local/airflow/dags/my_first_dag.py for tasks to queue
[2020-11-09 04:01:03,228] {logging_mixin.py:95} INFO - [2020-11-09 04:01:03,228] {dagbag.py:90} INFO - Filling up the DagBag from /usr/local/airflow/dags/my_first_dag.py
[2020-11-09 04:01:03,242] {scheduler_job.py:1532} INFO - DAG(s) dict_keys(['my_first_dag']) retrieved from /usr/local/airflow/dags/my_first_dag.py
[2020-11-09 04:01:03,283] {scheduler_job.py:152} INFO - Processing /usr/local/airflow/dags/my_first_dag.py took 0.061 seconds
[2020-11-09 04:01:13,301] {logging_mixin.py:95} INFO - [2020-11-09 04:01:13,300] {settings.py:213} INFO - settings.configure_orm(): Using pool settings. pool_size=5, max_overflow=10, pool_recycle=1800, pid=683
[2020-11-09 04:01:13,317] {scheduler_job.py:146} INFO - Started process (PID=683) to work on /usr/local/airflow/dags/my_first_dag.py
[2020-11-09 04:01:13,321] {scheduler_job.py:1520} INFO - Processing file /usr/local/airflow/dags/my_first_dag.py for tasks to queue
[2020-11-09 04:01:13,323] {logging_mixin.py:95} INFO - [2020-11-09 04:01:13,322] {dagbag.py:90} INFO - Filling up the DagBag from /usr/local/airflow/dags/my_first_dag.py
[2020-11-09 04:01:13,336] {scheduler_job.py:1532} INFO - DAG(s) dict_keys(['my_first_dag']) retrieved from /usr/local/airflow/dags/my_first_dag.py
[2020-11-09 04:01:13,386] {scheduler_job.py:152} INFO - Processing /usr/local/airflow/dags/my_first_dag.py took 0.069 seconds
[2020-11-09 04:01:23,461] {logging_mixin.py:95} INFO - [2020-11-09 04:01:23,461] {settings.py:213} INFO - settings.configure_orm(): Using pool settings. pool_size=5, max_overflow=10, pool_recycle=1800, pid=783
[2020-11-09 04:01:23,469] {scheduler_job.py:146} INFO - Started process (PID=783) to work on /usr/local/airflow/dags/my_first_dag.py
[2020-11-09 04:01:23,475] {scheduler_job.py:1520} INFO - Processing file /usr/local/airflow/dags/my_first_dag.py for tasks to queue
[2020-11-09 04:01:23,476] {logging_mixin.py:95} INFO - [2020-11-09 04:01:23,476] {dagbag.py:90} INFO - Filling up the DagBag from /usr/local/airflow/dags/my_first_dag.py
[2020-11-09 04:01:23,488] {scheduler_job.py:1532} INFO - DAG(s) dict_keys(['my_first_dag']) retrieved from /usr/local/airflow/dags/my_first_dag.py
[2020-11-09 04:01:23,535] {scheduler_job.py:152} INFO - Processing /usr/local/airflow/dags/my_first_dag.py took 0.066 seconds
[2020-11-09 04:01:33,594] {logging_mixin.py:95} INFO - [2020-11-09 04:01:33,593] {settings.py:213} INFO - settings.configure_orm(): Using pool settings. pool_size=5, max_overflow=10, pool_recycle=1800, pid=883
[2020-11-09 04:01:33,605] {scheduler_job.py:146} INFO - Started process (PID=883) to work on /usr/local/airflow/dags/my_first_dag.py
[2020-11-09 04:01:33,608] {scheduler_job.py:1520} INFO - Processing file /usr/local/airflow/dags/my_first_dag.py for tasks to queue
[2020-11-09 04:01:33,610] {logging_mixin.py:95} INFO - [2020-11-09 04:01:33,609] {dagbag.py:90} INFO - Filling up the DagBag from /usr/local/airflow/dags/my_first_dag.py
[2020-11-09 04:01:33,632] {scheduler_job.py:1532} INFO - DAG(s) dict_keys(['my_first_dag']) retrieved from /usr/local/airflow/dags/my_first_dag.py
[2020-11-09 04:01:33,689] {scheduler_job.py:152} INFO - Processing /usr/local/airflow/dags/my_first_dag.py took 0.085 seconds
[2020-11-09 04:01:43,716] {logging_mixin.py:95} INFO - [2020-11-09 04:01:43,715] {settings.py:213} INFO - settings.configure_orm(): Using pool settings. pool_size=5, max_overflow=10, pool_recycle=1800, pid=983
[2020-11-09 04:01:43,726] {scheduler_job.py:146} INFO - Started process (PID=983) to work on /usr/local/airflow/dags/my_first_dag.py
[2020-11-09 04:01:43,734] {scheduler_job.py:1520} INFO - Processing file /usr/local/airflow/dags/my_first_dag.py for tasks to queue
[2020-11-09 04:01:43,736] {logging_mixin.py:95} INFO - [2020-11-09 04:01:43,735] {dagbag.py:90} INFO - Filling up the DagBag from /usr/local/airflow/dags/my_first_dag.py
[2020-11-09 04:01:43,757] {scheduler_job.py:1532} INFO - DAG(s) dict_keys(['my_first_dag']) retrieved from /usr/local/airflow/dags/my_first_dag.py
[2020-11-09 04:01:43,805] {scheduler_job.py:152} INFO - Processing /usr/local/airflow/dags/my_first_dag.py took 0.079 seconds
[2020-11-09 04:01:53,879] {logging_mixin.py:95} INFO - [2020-11-09 04:01:53,879] {settings.py:213} INFO - settings.configure_orm(): Using pool settings. pool_size=5, max_overflow=10, pool_recycle=1800, pid=1083
[2020-11-09 04:01:53,886] {scheduler_job.py:146} INFO - Started process (PID=1083) to work on /usr/local/airflow/dags/my_first_dag.py
[2020-11-09 04:01:53,890] {scheduler_job.py:1520} INFO - Processing file /usr/local/airflow/dags/my_first_dag.py for tasks to queue
[2020-11-09 04:01:53,892] {logging_mixin.py:95} INFO - [2020-11-09 04:01:53,892] {dagbag.py:90} INFO - Filling up the DagBag from /usr/local/airflow/dags/my_first_dag.py
[2020-11-09 04:01:53,903] {scheduler_job.py:1532} INFO - DAG(s) dict_keys(['my_first_dag']) retrieved from /usr/local/airflow/dags/my_first_dag.py
[2020-11-09 04:01:53,951] {scheduler_job.py:152} INFO - Processing /usr/local/airflow/dags/my_first_dag.py took 0.065 seconds
[2020-11-09 04:02:04,003] {logging_mixin.py:95} INFO - [2020-11-09 04:02:04,003] {settings.py:213} INFO - settings.configure_orm(): Using pool settings. pool_size=5, max_overflow=10, pool_recycle=1800, pid=1183
[2020-11-09 04:02:04,013] {scheduler_job.py:146} INFO - Started process (PID=1183) to work on /usr/local/airflow/dags/my_first_dag.py
[2020-11-09 04:02:04,017] {scheduler_job.py:1520} INFO - Processing file /usr/local/airflow/dags/my_first_dag.py for tasks to queue
[2020-11-09 04:02:04,019] {logging_mixin.py:95} INFO - [2020-11-09 04:02:04,019] {dagbag.py:90} INFO - Filling up the DagBag from /usr/local/airflow/dags/my_first_dag.py
[2020-11-09 04:02:04,033] {scheduler_job.py:1532} INFO - DAG(s) dict_keys(['my_first_dag']) retrieved from /usr/local/airflow/dags/my_first_dag.py
[2020-11-09 04:02:04,074] {scheduler_job.py:152} INFO - Processing /usr/local/airflow/dags/my_first_dag.py took 0.061 seconds
[2020-11-09 04:02:14,129] {logging_mixin.py:95} INFO - [2020-11-09 04:02:14,128] {settings.py:213} INFO - settings.configure_orm(): Using pool settings. pool_size=5, max_overflow=10, pool_recycle=1800, pid=1284
[2020-11-09 04:02:14,146] {scheduler_job.py:146} INFO - Started process (PID=1284) to work on /usr/local/airflow/dags/my_first_dag.py
[2020-11-09 04:02:14,151] {scheduler_job.py:1520} INFO - Processing file /usr/local/airflow/dags/my_first_dag.py for tasks to queue
[2020-11-09 04:02:14,153] {logging_mixin.py:95} INFO - [2020-11-09 04:02:14,153] {dagbag.py:90} INFO - Filling up the DagBag from /usr/local/airflow/dags/my_first_dag.py
[2020-11-09 04:02:14,164] {scheduler_job.py:1532} INFO - DAG(s) dict_keys(['my_first_dag']) retrieved from /usr/local/airflow/dags/my_first_dag.py
[2020-11-09 04:02:14,206] {scheduler_job.py:152} INFO - Processing /usr/local/airflow/dags/my_first_dag.py took 0.059 seconds
[2020-11-09 04:02:24,289] {logging_mixin.py:95} INFO - [2020-11-09 04:02:24,288] {settings.py:213} INFO - settings.configure_orm(): Using pool settings. pool_size=5, max_overflow=10, pool_recycle=1800, pid=1383
[2020-11-09 04:02:24,296] {scheduler_job.py:146} INFO - Started process (PID=1383) to work on /usr/local/airflow/dags/my_first_dag.py
[2020-11-09 04:02:24,300] {scheduler_job.py:1520} INFO - Processing file /usr/local/airflow/dags/my_first_dag.py for tasks to queue
[2020-11-09 04:02:24,302] {logging_mixin.py:95} INFO - [2020-11-09 04:02:24,302] {dagbag.py:90} INFO - Filling up the DagBag from /usr/local/airflow/dags/my_first_dag.py
[2020-11-09 04:02:24,314] {scheduler_job.py:1532} INFO - DAG(s) dict_keys(['my_first_dag']) retrieved from /usr/local/airflow/dags/my_first_dag.py
[2020-11-09 04:02:24,366] {scheduler_job.py:152} INFO - Processing /usr/local/airflow/dags/my_first_dag.py took 0.070 seconds
[2020-11-09 04:02:34,445] {logging_mixin.py:95} INFO - [2020-11-09 04:02:34,445] {settings.py:213} INFO - settings.configure_orm(): Using pool settings. pool_size=5, max_overflow=10, pool_recycle=1800, pid=1483
[2020-11-09 04:02:34,453] {scheduler_job.py:146} INFO - Started process (PID=1483) to work on /usr/local/airflow/dags/my_first_dag.py
[2020-11-09 04:02:34,457] {scheduler_job.py:1520} INFO - Processing file /usr/local/airflow/dags/my_first_dag.py for tasks to queue
[2020-11-09 04:02:34,458] {logging_mixin.py:95} INFO - [2020-11-09 04:02:34,458] {dagbag.py:90} INFO - Filling up the DagBag from /usr/local/airflow/dags/my_first_dag.py
[2020-11-09 04:02:34,472] {scheduler_job.py:1532} INFO - DAG(s) dict_keys(['my_first_dag']) retrieved from /usr/local/airflow/dags/my_first_dag.py
[2020-11-09 04:02:34,508] {scheduler_job.py:152} INFO - Processing /usr/local/airflow/dags/my_first_dag.py took 0.055 seconds
[2020-11-09 04:02:44,563] {logging_mixin.py:95} INFO - [2020-11-09 04:02:44,562] {settings.py:213} INFO - settings.configure_orm(): Using pool settings. pool_size=5, max_overflow=10, pool_recycle=1800, pid=1583
[2020-11-09 04:02:44,570] {scheduler_job.py:146} INFO - Started process (PID=1583) to work on /usr/local/airflow/dags/my_first_dag.py
[2020-11-09 04:02:44,575] {scheduler_job.py:1520} INFO - Processing file /usr/local/airflow/dags/my_first_dag.py for tasks to queue
[2020-11-09 04:02:44,576] {logging_mixin.py:95} INFO - [2020-11-09 04:02:44,576] {dagbag.py:90} INFO - Filling up the DagBag from /usr/local/airflow/dags/my_first_dag.py
[2020-11-09 04:02:44,593] {scheduler_job.py:1532} INFO - DAG(s) dict_keys(['my_first_dag']) retrieved from /usr/local/airflow/dags/my_first_dag.py
[2020-11-09 04:02:44,641] {scheduler_job.py:152} INFO - Processing /usr/local/airflow/dags/my_first_dag.py took 0.070 seconds
[2020-11-09 04:02:54,706] {logging_mixin.py:95} INFO - [2020-11-09 04:02:54,706] {settings.py:213} INFO - settings.configure_orm(): Using pool settings. pool_size=5, max_overflow=10, pool_recycle=1800, pid=1683
[2020-11-09 04:02:54,715] {scheduler_job.py:146} INFO - Started process (PID=1683) to work on /usr/local/airflow/dags/my_first_dag.py
[2020-11-09 04:02:54,719] {scheduler_job.py:1520} INFO - Processing file /usr/local/airflow/dags/my_first_dag.py for tasks to queue
[2020-11-09 04:02:54,720] {logging_mixin.py:95} INFO - [2020-11-09 04:02:54,720] {dagbag.py:90} INFO - Filling up the DagBag from /usr/local/airflow/dags/my_first_dag.py
[2020-11-09 04:02:54,733] {scheduler_job.py:1532} INFO - DAG(s) dict_keys(['my_first_dag']) retrieved from /usr/local/airflow/dags/my_first_dag.py
[2020-11-09 04:02:54,786] {scheduler_job.py:152} INFO - Processing /usr/local/airflow/dags/my_first_dag.py took 0.071 seconds
[2020-11-09 04:03:04,844] {logging_mixin.py:95} INFO - [2020-11-09 04:03:04,844] {settings.py:213} INFO - settings.configure_orm(): Using pool settings. pool_size=5, max_overflow=10, pool_recycle=1800, pid=1783
[2020-11-09 04:03:04,852] {scheduler_job.py:146} INFO - Started process (PID=1783) to work on /usr/local/airflow/dags/my_first_dag.py
[2020-11-09 04:03:04,856] {scheduler_job.py:1520} INFO - Processing file /usr/local/airflow/dags/my_first_dag.py for tasks to queue
[2020-11-09 04:03:04,857] {logging_mixin.py:95} INFO - [2020-11-09 04:03:04,857] {dagbag.py:90} INFO - Filling up the DagBag from /usr/local/airflow/dags/my_first_dag.py
[2020-11-09 04:03:04,870] {scheduler_job.py:1532} INFO - DAG(s) dict_keys(['my_first_dag']) retrieved from /usr/local/airflow/dags/my_first_dag.py
[2020-11-09 04:03:04,917] {scheduler_job.py:152} INFO - Processing /usr/local/airflow/dags/my_first_dag.py took 0.066 seconds
[2020-11-09 04:03:14,943] {logging_mixin.py:95} INFO - [2020-11-09 04:03:14,943] {settings.py:213} INFO - settings.configure_orm(): Using pool settings. pool_size=5, max_overflow=10, pool_recycle=1800, pid=1883
[2020-11-09 04:03:14,951] {scheduler_job.py:146} INFO - Started process (PID=1883) to work on /usr/local/airflow/dags/my_first_dag.py
[2020-11-09 04:03:14,955] {scheduler_job.py:1520} INFO - Processing file /usr/local/airflow/dags/my_first_dag.py for tasks to queue
[2020-11-09 04:03:14,956] {logging_mixin.py:95} INFO - [2020-11-09 04:03:14,956] {dagbag.py:90} INFO - Filling up the DagBag from /usr/local/airflow/dags/my_first_dag.py
[2020-11-09 04:03:14,967] {scheduler_job.py:1532} INFO - DAG(s) dict_keys(['my_first_dag']) retrieved from /usr/local/airflow/dags/my_first_dag.py
[2020-11-09 04:03:15,011] {scheduler_job.py:152} INFO - Processing /usr/local/airflow/dags/my_first_dag.py took 0.061 seconds
[2020-11-09 04:03:25,168] {logging_mixin.py:95} INFO - [2020-11-09 04:03:25,167] {settings.py:213} INFO - settings.configure_orm(): Using pool settings. pool_size=5, max_overflow=10, pool_recycle=1800, pid=1983
[2020-11-09 04:03:25,186] {scheduler_job.py:146} INFO - Started process (PID=1983) to work on /usr/local/airflow/dags/my_first_dag.py
[2020-11-09 04:03:25,196] {scheduler_job.py:1520} INFO - Processing file /usr/local/airflow/dags/my_first_dag.py for tasks to queue
[2020-11-09 04:03:25,201] {logging_mixin.py:95} INFO - [2020-11-09 04:03:25,201] {dagbag.py:90} INFO - Filling up the DagBag from /usr/local/airflow/dags/my_first_dag.py
[2020-11-09 04:03:25,233] {scheduler_job.py:1532} INFO - DAG(s) dict_keys(['my_first_dag']) retrieved from /usr/local/airflow/dags/my_first_dag.py
[2020-11-09 04:03:25,296] {scheduler_job.py:152} INFO - Processing /usr/local/airflow/dags/my_first_dag.py took 0.110 seconds
[2020-11-09 04:03:35,310] {logging_mixin.py:95} INFO - [2020-11-09 04:03:35,309] {settings.py:213} INFO - settings.configure_orm(): Using pool settings. pool_size=5, max_overflow=10, pool_recycle=1800, pid=2083
[2020-11-09 04:03:35,318] {scheduler_job.py:146} INFO - Started process (PID=2083) to work on /usr/local/airflow/dags/my_first_dag.py
[2020-11-09 04:03:35,322] {scheduler_job.py:1520} INFO - Processing file /usr/local/airflow/dags/my_first_dag.py for tasks to queue
[2020-11-09 04:03:35,324] {logging_mixin.py:95} INFO - [2020-11-09 04:03:35,324] {dagbag.py:90} INFO - Filling up the DagBag from /usr/local/airflow/dags/my_first_dag.py
[2020-11-09 04:03:35,340] {scheduler_job.py:1532} INFO - DAG(s) dict_keys(['my_first_dag']) retrieved from /usr/local/airflow/dags/my_first_dag.py
[2020-11-09 04:03:35,386] {scheduler_job.py:152} INFO - Processing /usr/local/airflow/dags/my_first_dag.py took 0.068 seconds
[2020-11-09 04:03:45,422] {logging_mixin.py:95} INFO - [2020-11-09 04:03:45,421] {settings.py:213} INFO - settings.configure_orm(): Using pool settings. pool_size=5, max_overflow=10, pool_recycle=1800, pid=2183
[2020-11-09 04:03:45,431] {scheduler_job.py:146} INFO - Started process (PID=2183) to work on /usr/local/airflow/dags/my_first_dag.py
[2020-11-09 04:03:45,436] {scheduler_job.py:1520} INFO - Processing file /usr/local/airflow/dags/my_first_dag.py for tasks to queue
[2020-11-09 04:03:45,438] {logging_mixin.py:95} INFO - [2020-11-09 04:03:45,438] {dagbag.py:90} INFO - Filling up the DagBag from /usr/local/airflow/dags/my_first_dag.py
[2020-11-09 04:03:45,451] {scheduler_job.py:1532} INFO - DAG(s) dict_keys(['my_first_dag']) retrieved from /usr/local/airflow/dags/my_first_dag.py
[2020-11-09 04:03:45,500] {scheduler_job.py:152} INFO - Processing /usr/local/airflow/dags/my_first_dag.py took 0.069 seconds
[2020-11-09 04:03:55,579] {logging_mixin.py:95} INFO - [2020-11-09 04:03:55,578] {settings.py:213} INFO - settings.configure_orm(): Using pool settings. pool_size=5, max_overflow=10, pool_recycle=1800, pid=2283
[2020-11-09 04:03:55,591] {scheduler_job.py:146} INFO - Started process (PID=2283) to work on /usr/local/airflow/dags/my_first_dag.py
[2020-11-09 04:03:55,596] {scheduler_job.py:1520} INFO - Processing file /usr/local/airflow/dags/my_first_dag.py for tasks to queue
[2020-11-09 04:03:55,598] {logging_mixin.py:95} INFO - [2020-11-09 04:03:55,597] {dagbag.py:90} INFO - Filling up the DagBag from /usr/local/airflow/dags/my_first_dag.py
[2020-11-09 04:03:55,610] {scheduler_job.py:1532} INFO - DAG(s) dict_keys(['my_first_dag']) retrieved from /usr/local/airflow/dags/my_first_dag.py
[2020-11-09 04:03:55,657] {scheduler_job.py:152} INFO - Processing /usr/local/airflow/dags/my_first_dag.py took 0.066 seconds
[2020-11-09 04:04:05,703] {logging_mixin.py:95} INFO - [2020-11-09 04:04:05,702] {settings.py:213} INFO - settings.configure_orm(): Using pool settings. pool_size=5, max_overflow=10, pool_recycle=1800, pid=2383
[2020-11-09 04:04:05,716] {scheduler_job.py:146} INFO - Started process (PID=2383) to work on /usr/local/airflow/dags/my_first_dag.py
[2020-11-09 04:04:05,720] {scheduler_job.py:1520} INFO - Processing file /usr/local/airflow/dags/my_first_dag.py for tasks to queue
[2020-11-09 04:04:05,721] {logging_mixin.py:95} INFO - [2020-11-09 04:04:05,721] {dagbag.py:90} INFO - Filling up the DagBag from /usr/local/airflow/dags/my_first_dag.py
[2020-11-09 04:04:05,736] {scheduler_job.py:1532} INFO - DAG(s) dict_keys(['my_first_dag']) retrieved from /usr/local/airflow/dags/my_first_dag.py
[2020-11-09 04:04:05,790] {scheduler_job.py:152} INFO - Processing /usr/local/airflow/dags/my_first_dag.py took 0.074 seconds
[2020-11-09 04:05:33,924] {logging_mixin.py:95} INFO - [2020-11-09 04:05:33,924] {settings.py:213} INFO - settings.configure_orm(): Using pool settings. pool_size=5, max_overflow=10, pool_recycle=1800, pid=153
[2020-11-09 04:05:33,936] {scheduler_job.py:146} INFO - Started process (PID=153) to work on /usr/local/airflow/dags/my_first_dag.py
[2020-11-09 04:05:33,961] {scheduler_job.py:1520} INFO - Processing file /usr/local/airflow/dags/my_first_dag.py for tasks to queue
[2020-11-09 04:05:33,963] {logging_mixin.py:95} INFO - [2020-11-09 04:05:33,963] {dagbag.py:90} INFO - Filling up the DagBag from /usr/local/airflow/dags/my_first_dag.py
[2020-11-09 04:05:34,017] {scheduler_job.py:1532} INFO - DAG(s) dict_keys(['my_first_dag']) retrieved from /usr/local/airflow/dags/my_first_dag.py
[2020-11-09 04:05:34,069] {scheduler_job.py:152} INFO - Processing /usr/local/airflow/dags/my_first_dag.py took 0.132 seconds
[2020-11-09 04:05:44,959] {logging_mixin.py:95} INFO - [2020-11-09 04:05:44,958] {settings.py:213} INFO - settings.configure_orm(): Using pool settings. pool_size=5, max_overflow=10, pool_recycle=1800, pid=263
[2020-11-09 04:05:44,967] {scheduler_job.py:146} INFO - Started process (PID=263) to work on /usr/local/airflow/dags/my_first_dag.py
[2020-11-09 04:05:44,981] {scheduler_job.py:1520} INFO - Processing file /usr/local/airflow/dags/my_first_dag.py for tasks to queue
[2020-11-09 04:05:44,983] {logging_mixin.py:95} INFO - [2020-11-09 04:05:44,983] {dagbag.py:90} INFO - Filling up the DagBag from /usr/local/airflow/dags/my_first_dag.py
[2020-11-09 04:05:45,012] {scheduler_job.py:1532} INFO - DAG(s) dict_keys(['my_first_dag']) retrieved from /usr/local/airflow/dags/my_first_dag.py
[2020-11-09 04:05:45,063] {scheduler_job.py:152} INFO - Processing /usr/local/airflow/dags/my_first_dag.py took 0.095 seconds
[2020-11-09 04:05:55,078] {logging_mixin.py:95} INFO - [2020-11-09 04:05:55,078] {settings.py:213} INFO - settings.configure_orm(): Using pool settings. pool_size=5, max_overflow=10, pool_recycle=1800, pid=363
[2020-11-09 04:05:55,095] {scheduler_job.py:146} INFO - Started process (PID=363) to work on /usr/local/airflow/dags/my_first_dag.py
[2020-11-09 04:05:55,103] {scheduler_job.py:1520} INFO - Processing file /usr/local/airflow/dags/my_first_dag.py for tasks to queue
[2020-11-09 04:05:55,105] {logging_mixin.py:95} INFO - [2020-11-09 04:05:55,105] {dagbag.py:90} INFO - Filling up the DagBag from /usr/local/airflow/dags/my_first_dag.py
[2020-11-09 04:05:55,127] {scheduler_job.py:1532} INFO - DAG(s) dict_keys(['my_first_dag']) retrieved from /usr/local/airflow/dags/my_first_dag.py
[2020-11-09 04:05:55,177] {scheduler_job.py:152} INFO - Processing /usr/local/airflow/dags/my_first_dag.py took 0.082 seconds
[2020-11-09 04:06:05,205] {logging_mixin.py:95} INFO - [2020-11-09 04:06:05,204] {settings.py:213} INFO - settings.configure_orm(): Using pool settings. pool_size=5, max_overflow=10, pool_recycle=1800, pid=463
[2020-11-09 04:06:05,220] {scheduler_job.py:146} INFO - Started process (PID=463) to work on /usr/local/airflow/dags/my_first_dag.py
[2020-11-09 04:06:05,227] {scheduler_job.py:1520} INFO - Processing file /usr/local/airflow/dags/my_first_dag.py for tasks to queue
[2020-11-09 04:06:05,230] {logging_mixin.py:95} INFO - [2020-11-09 04:06:05,230] {dagbag.py:90} INFO - Filling up the DagBag from /usr/local/airflow/dags/my_first_dag.py
[2020-11-09 04:06:05,249] {scheduler_job.py:1532} INFO - DAG(s) dict_keys(['my_first_dag']) retrieved from /usr/local/airflow/dags/my_first_dag.py
[2020-11-09 04:06:05,294] {scheduler_job.py:152} INFO - Processing /usr/local/airflow/dags/my_first_dag.py took 0.074 seconds
[2020-11-09 04:06:15,318] {logging_mixin.py:95} INFO - [2020-11-09 04:06:15,317] {settings.py:213} INFO - settings.configure_orm(): Using pool settings. pool_size=5, max_overflow=10, pool_recycle=1800, pid=563
[2020-11-09 04:06:15,326] {scheduler_job.py:146} INFO - Started process (PID=563) to work on /usr/local/airflow/dags/my_first_dag.py
[2020-11-09 04:06:15,330] {scheduler_job.py:1520} INFO - Processing file /usr/local/airflow/dags/my_first_dag.py for tasks to queue
[2020-11-09 04:06:15,331] {logging_mixin.py:95} INFO - [2020-11-09 04:06:15,331] {dagbag.py:90} INFO - Filling up the DagBag from /usr/local/airflow/dags/my_first_dag.py
[2020-11-09 04:06:15,343] {scheduler_job.py:1532} INFO - DAG(s) dict_keys(['my_first_dag']) retrieved from /usr/local/airflow/dags/my_first_dag.py
[2020-11-09 04:06:15,404] {scheduler_job.py:152} INFO - Processing /usr/local/airflow/dags/my_first_dag.py took 0.078 seconds
[2020-11-09 04:06:25,471] {logging_mixin.py:95} INFO - [2020-11-09 04:06:25,470] {settings.py:213} INFO - settings.configure_orm(): Using pool settings. pool_size=5, max_overflow=10, pool_recycle=1800, pid=663
[2020-11-09 04:06:25,478] {scheduler_job.py:146} INFO - Started process (PID=663) to work on /usr/local/airflow/dags/my_first_dag.py
[2020-11-09 04:06:25,488] {scheduler_job.py:1520} INFO - Processing file /usr/local/airflow/dags/my_first_dag.py for tasks to queue
[2020-11-09 04:06:25,489] {logging_mixin.py:95} INFO - [2020-11-09 04:06:25,489] {dagbag.py:90} INFO - Filling up the DagBag from /usr/local/airflow/dags/my_first_dag.py
[2020-11-09 04:06:25,501] {scheduler_job.py:1532} INFO - DAG(s) dict_keys(['my_first_dag']) retrieved from /usr/local/airflow/dags/my_first_dag.py
[2020-11-09 04:06:25,542] {scheduler_job.py:152} INFO - Processing /usr/local/airflow/dags/my_first_dag.py took 0.064 seconds
[2020-11-09 04:06:35,624] {logging_mixin.py:95} INFO - [2020-11-09 04:06:35,624] {settings.py:213} INFO - settings.configure_orm(): Using pool settings. pool_size=5, max_overflow=10, pool_recycle=1800, pid=763
[2020-11-09 04:06:35,636] {scheduler_job.py:146} INFO - Started process (PID=763) to work on /usr/local/airflow/dags/my_first_dag.py
[2020-11-09 04:06:35,651] {scheduler_job.py:1520} INFO - Processing file /usr/local/airflow/dags/my_first_dag.py for tasks to queue
[2020-11-09 04:06:35,653] {logging_mixin.py:95} INFO - [2020-11-09 04:06:35,653] {dagbag.py:90} INFO - Filling up the DagBag from /usr/local/airflow/dags/my_first_dag.py
[2020-11-09 04:06:35,664] {scheduler_job.py:1532} INFO - DAG(s) dict_keys(['my_first_dag']) retrieved from /usr/local/airflow/dags/my_first_dag.py
[2020-11-09 04:06:35,709] {scheduler_job.py:152} INFO - Processing /usr/local/airflow/dags/my_first_dag.py took 0.073 seconds
[2020-11-09 04:06:45,738] {logging_mixin.py:95} INFO - [2020-11-09 04:06:45,738] {settings.py:213} INFO - settings.configure_orm(): Using pool settings. pool_size=5, max_overflow=10, pool_recycle=1800, pid=863
[2020-11-09 04:06:45,747] {scheduler_job.py:146} INFO - Started process (PID=863) to work on /usr/local/airflow/dags/my_first_dag.py
[2020-11-09 04:06:45,752] {scheduler_job.py:1520} INFO - Processing file /usr/local/airflow/dags/my_first_dag.py for tasks to queue
[2020-11-09 04:06:45,753] {logging_mixin.py:95} INFO - [2020-11-09 04:06:45,753] {dagbag.py:90} INFO - Filling up the DagBag from /usr/local/airflow/dags/my_first_dag.py
[2020-11-09 04:06:45,767] {scheduler_job.py:1532} INFO - DAG(s) dict_keys(['my_first_dag']) retrieved from /usr/local/airflow/dags/my_first_dag.py
[2020-11-09 04:06:45,809] {scheduler_job.py:152} INFO - Processing /usr/local/airflow/dags/my_first_dag.py took 0.063 seconds
[2020-11-09 04:06:55,893] {logging_mixin.py:95} INFO - [2020-11-09 04:06:55,892] {settings.py:213} INFO - settings.configure_orm(): Using pool settings. pool_size=5, max_overflow=10, pool_recycle=1800, pid=963
[2020-11-09 04:06:55,912] {scheduler_job.py:146} INFO - Started process (PID=963) to work on /usr/local/airflow/dags/my_first_dag.py
[2020-11-09 04:06:55,921] {scheduler_job.py:1520} INFO - Processing file /usr/local/airflow/dags/my_first_dag.py for tasks to queue
[2020-11-09 04:06:55,923] {logging_mixin.py:95} INFO - [2020-11-09 04:06:55,923] {dagbag.py:90} INFO - Filling up the DagBag from /usr/local/airflow/dags/my_first_dag.py
[2020-11-09 04:06:55,936] {scheduler_job.py:1532} INFO - DAG(s) dict_keys(['my_first_dag']) retrieved from /usr/local/airflow/dags/my_first_dag.py
[2020-11-09 04:06:55,979] {scheduler_job.py:152} INFO - Processing /usr/local/airflow/dags/my_first_dag.py took 0.067 seconds
[2020-11-09 04:07:06,064] {logging_mixin.py:95} INFO - [2020-11-09 04:07:06,063] {settings.py:213} INFO - settings.configure_orm(): Using pool settings. pool_size=5, max_overflow=10, pool_recycle=1800, pid=1063
[2020-11-09 04:07:06,079] {scheduler_job.py:146} INFO - Started process (PID=1063) to work on /usr/local/airflow/dags/my_first_dag.py
[2020-11-09 04:07:06,084] {scheduler_job.py:1520} INFO - Processing file /usr/local/airflow/dags/my_first_dag.py for tasks to queue
[2020-11-09 04:07:06,085] {logging_mixin.py:95} INFO - [2020-11-09 04:07:06,085] {dagbag.py:90} INFO - Filling up the DagBag from /usr/local/airflow/dags/my_first_dag.py
[2020-11-09 04:07:06,108] {scheduler_job.py:1532} INFO - DAG(s) dict_keys(['my_first_dag']) retrieved from /usr/local/airflow/dags/my_first_dag.py
[2020-11-09 04:07:06,158] {scheduler_job.py:152} INFO - Processing /usr/local/airflow/dags/my_first_dag.py took 0.079 seconds
[2020-11-09 04:07:16,162] {logging_mixin.py:95} INFO - [2020-11-09 04:07:16,162] {settings.py:213} INFO - settings.configure_orm(): Using pool settings. pool_size=5, max_overflow=10, pool_recycle=1800, pid=1163
[2020-11-09 04:07:16,170] {scheduler_job.py:146} INFO - Started process (PID=1163) to work on /usr/local/airflow/dags/my_first_dag.py
[2020-11-09 04:07:16,174] {scheduler_job.py:1520} INFO - Processing file /usr/local/airflow/dags/my_first_dag.py for tasks to queue
[2020-11-09 04:07:16,175] {logging_mixin.py:95} INFO - [2020-11-09 04:07:16,175] {dagbag.py:90} INFO - Filling up the DagBag from /usr/local/airflow/dags/my_first_dag.py
[2020-11-09 04:07:16,188] {scheduler_job.py:1532} INFO - DAG(s) dict_keys(['my_first_dag']) retrieved from /usr/local/airflow/dags/my_first_dag.py
[2020-11-09 04:07:16,238] {scheduler_job.py:152} INFO - Processing /usr/local/airflow/dags/my_first_dag.py took 0.068 seconds
[2020-11-09 04:07:26,296] {logging_mixin.py:95} INFO - [2020-11-09 04:07:26,295] {settings.py:213} INFO - settings.configure_orm(): Using pool settings. pool_size=5, max_overflow=10, pool_recycle=1800, pid=1263
[2020-11-09 04:07:26,304] {scheduler_job.py:146} INFO - Started process (PID=1263) to work on /usr/local/airflow/dags/my_first_dag.py
[2020-11-09 04:07:26,308] {scheduler_job.py:1520} INFO - Processing file /usr/local/airflow/dags/my_first_dag.py for tasks to queue
[2020-11-09 04:07:26,309] {logging_mixin.py:95} INFO - [2020-11-09 04:07:26,309] {dagbag.py:90} INFO - Filling up the DagBag from /usr/local/airflow/dags/my_first_dag.py
[2020-11-09 04:07:26,331] {scheduler_job.py:1532} INFO - DAG(s) dict_keys(['my_first_dag']) retrieved from /usr/local/airflow/dags/my_first_dag.py
[2020-11-09 04:07:26,403] {scheduler_job.py:152} INFO - Processing /usr/local/airflow/dags/my_first_dag.py took 0.100 seconds
[2020-11-09 04:07:36,447] {logging_mixin.py:95} INFO - [2020-11-09 04:07:36,446] {settings.py:213} INFO - settings.configure_orm(): Using pool settings. pool_size=5, max_overflow=10, pool_recycle=1800, pid=1363
[2020-11-09 04:07:36,454] {scheduler_job.py:146} INFO - Started process (PID=1363) to work on /usr/local/airflow/dags/my_first_dag.py
[2020-11-09 04:07:36,423] {scheduler_job.py:1520} INFO - Processing file /usr/local/airflow/dags/my_first_dag.py for tasks to queue
[2020-11-09 04:07:36,425] {logging_mixin.py:95} INFO - [2020-11-09 04:07:36,425] {dagbag.py:90} INFO - Filling up the DagBag from /usr/local/airflow/dags/my_first_dag.py
[2020-11-09 04:07:36,437] {scheduler_job.py:1532} INFO - DAG(s) dict_keys(['my_first_dag']) retrieved from /usr/local/airflow/dags/my_first_dag.py
[2020-11-09 04:07:36,480] {scheduler_job.py:152} INFO - Processing /usr/local/airflow/dags/my_first_dag.py took 0.026 seconds
[2020-11-09 04:07:46,554] {logging_mixin.py:95} INFO - [2020-11-09 04:07:46,553] {settings.py:213} INFO - settings.configure_orm(): Using pool settings. pool_size=5, max_overflow=10, pool_recycle=1800, pid=1463
[2020-11-09 04:07:46,562] {scheduler_job.py:146} INFO - Started process (PID=1463) to work on /usr/local/airflow/dags/my_first_dag.py
[2020-11-09 04:07:46,566] {scheduler_job.py:1520} INFO - Processing file /usr/local/airflow/dags/my_first_dag.py for tasks to queue
[2020-11-09 04:07:46,568] {logging_mixin.py:95} INFO - [2020-11-09 04:07:46,568] {dagbag.py:90} INFO - Filling up the DagBag from /usr/local/airflow/dags/my_first_dag.py
[2020-11-09 04:07:46,581] {scheduler_job.py:1532} INFO - DAG(s) dict_keys(['my_first_dag']) retrieved from /usr/local/airflow/dags/my_first_dag.py
[2020-11-09 04:07:46,630] {scheduler_job.py:152} INFO - Processing /usr/local/airflow/dags/my_first_dag.py took 0.069 seconds
[2020-11-09 04:07:56,720] {logging_mixin.py:95} INFO - [2020-11-09 04:07:56,720] {settings.py:213} INFO - settings.configure_orm(): Using pool settings. pool_size=5, max_overflow=10, pool_recycle=1800, pid=1563
[2020-11-09 04:07:56,728] {scheduler_job.py:146} INFO - Started process (PID=1563) to work on /usr/local/airflow/dags/my_first_dag.py
[2020-11-09 04:07:56,733] {scheduler_job.py:1520} INFO - Processing file /usr/local/airflow/dags/my_first_dag.py for tasks to queue
[2020-11-09 04:07:56,734] {logging_mixin.py:95} INFO - [2020-11-09 04:07:56,734] {dagbag.py:90} INFO - Filling up the DagBag from /usr/local/airflow/dags/my_first_dag.py
[2020-11-09 04:07:56,746] {scheduler_job.py:1532} INFO - DAG(s) dict_keys(['my_first_dag']) retrieved from /usr/local/airflow/dags/my_first_dag.py
[2020-11-09 04:07:56,791] {scheduler_job.py:152} INFO - Processing /usr/local/airflow/dags/my_first_dag.py took 0.063 seconds
[2020-11-09 04:08:06,807] {logging_mixin.py:95} INFO - [2020-11-09 04:08:06,806] {settings.py:213} INFO - settings.configure_orm(): Using pool settings. pool_size=5, max_overflow=10, pool_recycle=1800, pid=1663
[2020-11-09 04:08:06,815] {scheduler_job.py:146} INFO - Started process (PID=1663) to work on /usr/local/airflow/dags/my_first_dag.py
[2020-11-09 04:08:06,819] {scheduler_job.py:1520} INFO - Processing file /usr/local/airflow/dags/my_first_dag.py for tasks to queue
[2020-11-09 04:08:06,820] {logging_mixin.py:95} INFO - [2020-11-09 04:08:06,820] {dagbag.py:90} INFO - Filling up the DagBag from /usr/local/airflow/dags/my_first_dag.py
[2020-11-09 04:08:06,835] {scheduler_job.py:1532} INFO - DAG(s) dict_keys(['my_first_dag']) retrieved from /usr/local/airflow/dags/my_first_dag.py
[2020-11-09 04:08:06,876] {scheduler_job.py:152} INFO - Processing /usr/local/airflow/dags/my_first_dag.py took 0.061 seconds
